{"D:\\Code_D\\VUEJS\\job-search\\src\\components\\JobSearch\\Headline.vue": {"path":"D:\\Code_D\\VUEJS\\job-search\\src\\components\\JobSearch\\Headline.vue","statementMap":{"0":{"start":{"line":4,"column":29},"end":{"line":4,"column":135}},"1":{"start":{"line":5,"column":0},"end":{"line":7,"column":3}},"2":{"start":{"line":8,"column":0},"end":{"line":8,"column":25}},"3":{"start":{"line":52,"column":0},"end":{"line":52,"column":13}},"4":{"start":{"line":54,"column":0},"end":{"line":56,"column":3}},"5":{"start":{"line":57,"column":0},"end":{"line":57,"column":24}},"6":{"start":{"line":58,"column":11},"end":{"line":58,"column":25}},"7":{"start":{"line":59,"column":19},"end":{"line":61,"column":1}},"8":{"start":{"line":62,"column":19},"end":{"line":65,"column":1}},"9":{"start":{"line":66,"column":32},"end":{"line":66,"column":96}},"10":{"start":{"line":67,"column":32},"end":{"line":69,"column":55}},"11":{"start":{"line":72,"column":2},"end":{"line":74,"column":139}},"12":{"start":{"line":75,"column":2},"end":{"line":75,"column":49}}},"fnMap":{"0":{"name":"render","decl":{"start":{"line":71,"column":9},"end":{"line":71,"column":15}},"loc":{"start":{"line":71,"column":30},"end":{"line":75,"column":1}},"line":71}},"branchMap":{},"s":{"0":1,"1":1,"2":1,"3":1,"4":1,"5":1,"6":1,"7":1,"8":1,"9":1,"10":1,"11":7,"12":1},"f":{"0":7},"b":{},"inputSourceMap":{"0":"{","1":"\"","2":"v","3":"e","4":"r","5":"s","6":"i","7":"o","8":"n","9":"\"","10":":","11":"3","12":",","13":"\"","14":"s","15":"o","16":"u","17":"r","18":"c","19":"e","20":"s","21":"\"","22":":","23":"[","24":"\"","25":"D","26":":","27":"\\","28":"\\","29":"C","30":"o","31":"d","32":"e","33":"_","34":"D","35":"\\","36":"\\","37":"V","38":"U","39":"E","40":"J","41":"S","42":"\\","43":"\\","44":"j","45":"o","46":"b","47":"-","48":"s","49":"e","50":"a","51":"r","52":"c","53":"h","54":"\\","55":"\\","56":"s","57":"r","58":"c","59":"\\","60":"\\","61":"c","62":"o","63":"m","64":"p","65":"o","66":"n","67":"e","68":"n","69":"t","70":"s","71":"\\","72":"\\","73":"J","74":"o","75":"b","76":"S","77":"e","78":"a","79":"r","80":"c","81":"h","82":"\\","83":"\\","84":"H","85":"e","86":"a","87":"d","88":"l","89":"i","90":"n","91":"e","92":".","93":"v","94":"u","95":"e","96":"\"","97":"]","98":",","99":"\"","100":"n","101":"a","102":"m","103":"e","104":"s","105":"\"","106":":","107":"[","108":"]","109":",","110":"\"","111":"m","112":"a","113":"p","114":"p","115":"i","116":"n","117":"g","118":"s","119":"\"","120":":","121":"\"","122":";","123":";","124":";","125":";","126":";","127":";","128":";","129":";","130":"A","131":"A","132":"e","133":"A","134":";","135":"A","136":"A","137":"A","138":"A","139":";","140":"A","141":"A","142":"A","143":"A","144":";","145":"A","146":"A","147":"A","148":"0","149":"D","150":";","151":"A","152":"A","153":"A","154":"A","155":",","156":"e","157":"A","158":"E","159":"3","160":"C","161":";","162":"E","163":"A","164":"C","165":"X","166":",","167":"I","168":"A","169":"A","170":"I","171":",","172":"E","173":"A","174":"A","175":"E","176":",","177":"U","178":"A","179":"A","180":"U","181":";","182":"E","183":"A","184":"C","185":"h","186":"B","187":",","188":"I","189":"A","190":"A","191":"I","192":",","193":"G","194":"A","195":"A","196":"G","197":";","198":"I","199":"A","200":"C","201":"H","202":",","203":"O","204":"A","205":"A","206":"O","207":";","208":"M","209":"A","210":"C","211":"H","212":",","213":"M","214":"A","215":"A","216":"M","217":",","218":"E","219":"A","220":"A","221":"E","222":",","223":"O","224":"A","225":"A","226":"O","227":";","228":"M","229":"A","230":"C","231":"f","232":",","233":"Q","234":"A","235":"A","236":"Q","237":",","238":"E","239":"A","240":"A","241":"E","242":";","243":"I","244":"A","245":"C","246":"d","247":",","248":"C","249":"A","250":"A","251":"C","252":";","253":"E","254":"A","255":"C","256":"L","257":",","258":"C","259":"A","260":"A","261":"C","262":";","263":"E","264":"A","265":"C","266":"D","267":",","268":"Q","269":"A","270":"A","271":"Q","272":",","273":"E","274":"A","275":"A","276":"E","277":";","278":"I","279":"A","280":"C","281":"N","282":",","283":"a","284":"A","285":"A","286":"a","287":",","288":"G","289":"A","290":"A","291":"G","292":";","293":"M","294":"A","295":"C","296":"Z","297":",","298":"O","299":"A","300":"A","301":"O","302":";","303":"Q","304":"A","305":"C","306":"H","307":",","308":"C","309":"A","310":"A","311":"C","312":",","313":"I","314":"A","315":"A","316":"I","317":",","318":"C","319":"A","320":"A","321":"C","322":",","323":"M","324":"A","325":"A","326":"M","327":",","328":"C","329":"A","330":"A","331":"C","332":",","333":"W","334":"A","335":"A","336":"W","337":",","338":"E","339":"A","340":"A","341":"E","342":",","343":"G","344":"A","345":"A","346":"G","347":";","348":"M","349":"A","350":"C","351":"j","352":"C","353":",","354":"C","355":"A","356":"A","357":"C","358":";","359":"I","360":"A","361":"C","362":"L","363":";","364":"E","365":"A","366":"C","367":"J","368":",","369":"C","370":"A","371":"A","372":"C","373":";","374":"E","375":"A","376":"C","377":"D","378":",","379":"O","380":"A","381":"A","382":"O","383":",","384":"G","385":"A","386":"A","387":"G","388":";","389":"I","390":"A","391":"C","392":"N","393":",","394":"I","395":"A","396":"A","397":"I","398":",","399":"C","400":"A","401":"A","402":"C","403":",","404":"W","405":"A","406":"A","407":"W","408":",","409":"E","410":"A","411":"A","412":"E","413":";","414":"E","415":"A","416":"C","417":"t","418":"B","419":",","420":"C","421":"A","422":"A","423":"C","424":";","425":"E","426":"A","427":"C","428":"D","429":",","430":"a","431":"A","432":"A","433":"a","434":",","435":"G","436":"A","437":"A","438":"G","439":";","440":"I","441":"A","442":"C","443":"Z","444":",","445":"a","446":"A","447":"A","448":"a","449":",","450":"C","451":"A","452":"A","453":"C","454":",","455":"I","456":"A","457":"A","458":"I","459":",","460":"C","461":"A","462":"A","463":"C","464":",","465":"Q","466":"A","467":"A","468":"Q","469":",","470":"C","471":"A","472":"A","473":"C","474":";","475":"E","476":"A","477":"C","478":"h","479":"C","480":",","481":"C","482":"A","483":"A","484":"C","485":";","486":"E","487":"A","488":"E","489":"D","490":",","491":"O","492":"A","493":"A","494":"O","495":",","496":"E","497":"A","498":"A","499":"E","500":";","501":"I","502":"A","503":"C","504":"L","505":",","506":"W","507":"A","508":"A","509":"W","510":",","511":"G","512":"A","513":"A","514":"G","515":";","516":"M","517":"A","518":"C","519":"V","520":",","521":"I","522":"A","523":"A","524":"I","525":",","526":"C","527":"A","528":"A","529":"C","530":",","531":"Q","532":"A","533":"A","534":"Q","535":",","536":"G","537":"A","538":"A","539":"G","540":",","541":"W","542":"A","543":"A","544":"W","545":",","546":"C","547":"A","548":"A","549":"C","550":",","551":"M","552":"A","553":"A","554":"M","555":";","556":"Q","557":"A","558":"C","559":"9","560":"B","561":",","562":"I","563":"A","564":"A","565":"I","566":",","567":"O","568":"A","569":"A","570":"O","571":",","572":"G","573":"A","574":"A","575":"G","576":",","577":"C","578":"A","579":"A","580":"C","581":",","582":"O","583":"A","584":"A","585":"O","586":",","587":"E","588":"A","589":"A","590":"E","591":",","592":"Q","593":"A","594":"A","595":"Q","596":",","597":"E","598":"A","599":"A","600":"E","601":",","602":"Q","603":"A","604":"A","605":"Q","606":",","607":"E","608":"A","609":"A","610":"E","611":",","612":"M","613":"A","614":"A","615":"M","616":",","617":"C","618":"A","619":"A","620":"C","621":";","622":"Q","623":"A","624":"C","625":"n","626":"D","627":",","628":"I","629":"A","630":"A","631":"I","632":",","633":"U","634":"A","635":"A","636":"U","637":";","638":"Q","639":"A","640":"A","641":"G","642":";","643":"Q","644":"A","645":"A","646":"A","647":";","648":"Q","649":"A","650":"A","651":"A","652":";","653":"Q","654":"A","655":"A","656":"A","657":";","658":"Q","659":"A","660":"A","661":"A","662":";","663":"Q","664":"A","665":"A","666":"A","667":",","668":"O","669":"A","670":"A","671":"i","672":"B","673":",","674":"E","675":"A","676":"A","677":"C","678":",","679":"O","680":"A","681":"A","682":"O","683":",","684":"E","685":"A","686":"A","687":"E","688":",","689":"I","690":"A","691":"A","692":"I","693":",","694":"C","695":"A","696":"A","697":"C","698":",","699":"M","700":"A","701":"A","702":"M","703":",","704":"C","705":"A","706":"A","707":"C","708":";","709":"Q","710":"A","711":"C","712":"x","713":"D","714":",","715":"I","716":"A","717":"A","718":"I","719":",","720":"C","721":"A","722":"A","723":"C","724":",","725":"M","726":"A","727":"A","728":"M","729":",","730":"G","731":"A","732":"A","733":"G","734":",","735":"U","736":"A","737":"A","738":"U","739":";","740":"M","741":"A","742":"C","743":"5","744":"B","745":",","746":"C","747":"A","748":"A","749":"C","750":",","751":"E","752":"A","753":"A","754":"E","755":",","756":"I","757":"A","758":"A","759":"I","760":",","761":"C","762":"A","763":"A","764":"C","765":";","766":"I","767":"A","768":"C","769":"Z","770":";","771":"E","772":"A","773":"C","774":"J","775":";","776":"A","777":"A","778":"C","779":"J","780":",","781":"C","782":"A","783":"A","784":"C","785":";","786":"A","787":"A","788":"A","789":"A","790":";","791":"A","792":"A","793":"A","794":"A","795":"\"","796":",","797":"\"","798":"f","799":"i","800":"l","801":"e","802":"\"","803":":","804":"\"","805":"D","806":":","807":"\\","808":"\\","809":"C","810":"o","811":"d","812":"e","813":"_","814":"D","815":"\\","816":"\\","817":"V","818":"U","819":"E","820":"J","821":"S","822":"\\","823":"\\","824":"j","825":"o","826":"b","827":"-","828":"s","829":"e","830":"a","831":"r","832":"c","833":"h","834":"\\","835":"\\","836":"s","837":"r","838":"c","839":"\\","840":"\\","841":"c","842":"o","843":"m","844":"p","845":"o","846":"n","847":"e","848":"n","849":"t","850":"s","851":"\\","852":"\\","853":"J","854":"o","855":"b","856":"S","857":"e","858":"a","859":"r","860":"c","861":"h","862":"\\","863":"\\","864":"H","865":"e","866":"a","867":"d","868":"l","869":"i","870":"n","871":"e","872":".","873":"v","874":"u","875":"e","876":"\"","877":",","878":"\"","879":"s","880":"o","881":"u","882":"r","883":"c","884":"e","885":"s","886":"C","887":"o","888":"n","889":"t","890":"e","891":"n","892":"t","893":"\"","894":":","895":"[","896":"\"","897":"<","898":"t","899":"e","900":"m","901":"p","902":"l","903":"a","904":"t","905":"e","906":">","907":"\\","908":"r","909":"\\","910":"n","911":" ","912":" ","913":" ","914":" ","915":"<","916":"s","917":"e","918":"c","919":"t","920":"i","921":"o","922":"n","923":" ","924":"c","925":"l","926":"a","927":"s","928":"s","929":"=","930":"\\","931":"\"","932":"m","933":"b","934":"-","935":"1","936":"6","937":"\\","938":"\"","939":">","940":"\\","941":"r","942":"\\","943":"n","944":" ","945":" ","946":" ","947":" ","948":" ","949":" ","950":" ","951":" ","952":"<","953":"h","954":"1","955":"\\","956":"r","957":"\\","958":"n","959":" ","960":" ","961":" ","962":" ","963":" ","964":" ","965":" ","966":" ","967":" ","968":" ","969":" ","970":" ","971":"c","972":"l","973":"a","974":"s","975":"s","976":"=","977":"\\","978":"\"","979":"m","980":"b","981":"-","982":"1","983":"4","984":" ","985":"t","986":"e","987":"x","988":"t","989":"-","990":"8","991":"x","992":"l","993":" ","994":"f","995":"o","996":"n","997":"t","998":"-","999":"b","1000":"o","1001":"l","1002":"d","1003":" ","1004":"t","1005":"r","1006":"a","1007":"c","1008":"k","1009":"i","1010":"n","1011":"g","1012":"-","1013":"t","1014":"i","1015":"g","1016":"h","1017":"t","1018":"e","1019":"r","1020":"\\","1021":"\"","1022":"\\","1023":"r","1024":"\\","1025":"n","1026":" ","1027":" ","1028":" ","1029":" ","1030":" ","1031":" ","1032":" ","1033":" ","1034":" ","1035":" ","1036":" ","1037":" ","1038":"d","1039":"a","1040":"t","1041":"a","1042":"-","1043":"t","1044":"e","1045":"s","1046":"t","1047":"=","1048":"\\","1049":"\"","1050":"a","1051":"c","1052":"t","1053":"i","1054":"o","1055":"n","1056":"-","1057":"p","1058":"h","1059":"r","1060":"a","1061":"s","1062":"e","1063":"\\","1064":"\"","1065":"\\","1066":"r","1067":"\\","1068":"n","1069":" ","1070":" ","1071":" ","1072":" ","1073":" ","1074":" ","1075":" ","1076":" ","1077":">","1078":"\\","1079":"r","1080":"\\","1081":"n","1082":" ","1083":" ","1084":" ","1085":" ","1086":" ","1087":" ","1088":" ","1089":" ","1090":" ","1091":" ","1092":" ","1093":" ","1094":"<","1095":"s","1096":"p","1097":"a","1098":"n","1099":" ","1100":":","1101":"c","1102":"l","1103":"a","1104":"s","1105":"s","1106":"=","1107":"\\","1108":"\"","1109":"[","1110":"a","1111":"c","1112":"t","1113":"i","1114":"o","1115":"n","1116":"C","1117":"l","1118":"a","1119":"s","1120":"s","1121":"e","1122":"s","1123":"]","1124":"\\","1125":"\"","1126":">","1127":"{","1128":"{","1129":" ","1130":"a","1131":"c","1132":"t","1133":"i","1134":"o","1135":"n","1136":" ","1137":"}","1138":"}","1139":"<","1140":"/","1141":"s","1142":"p","1143":"a","1144":"n","1145":"\\","1146":"r","1147":"\\","1148":"n","1149":" ","1150":" ","1151":" ","1152":" ","1153":" ","1154":" ","1155":" ","1156":" ","1157":" ","1158":" ","1159":" ","1160":" ","1161":">","1162":"<","1163":"b","1164":"r","1165":" ","1166":"/","1167":">","1168":"\\","1169":"r","1170":"\\","1171":"n","1172":" ","1173":" ","1174":" ","1175":" ","1176":" ","1177":" ","1178":" ","1179":" ","1180":" ","1181":" ","1182":" ","1183":" ","1184":"f","1185":"o","1186":"r","1187":" ","1188":"e","1189":"v","1190":"e","1191":"r","1192":"y","1193":"o","1194":"n","1195":"e","1196":"\\","1197":"r","1198":"\\","1199":"n","1200":" ","1201":" ","1202":" ","1203":" ","1204":" ","1205":" ","1206":" ","1207":" ","1208":"<","1209":"/","1210":"h","1211":"1","1212":">","1213":"\\","1214":"r","1215":"\\","1216":"n","1217":" ","1218":" ","1219":" ","1220":" ","1221":" ","1222":" ","1223":" ","1224":" ","1225":"<","1226":"h","1227":"2","1228":" ","1229":"c","1230":"l","1231":"a","1232":"s","1233":"s","1234":"=","1235":"\\","1236":"\"","1237":"f","1238":"o","1239":"n","1240":"t","1241":"-","1242":"l","1243":"i","1244":"g","1245":"h","1246":"t","1247":" ","1248":"t","1249":"e","1250":"x","1251":"t","1252":"-","1253":"3","1254":"x","1255":"l","1256":"\\","1257":"\"","1258":">","1259":"F","1260":"i","1261":"n","1262":"d","1263":" ","1264":"y","1265":"o","1266":"u","1267":"r","1268":" ","1269":"n","1270":"e","1271":"x","1272":"t","1273":" ","1274":"j","1275":"o","1276":"b","1277":" ","1278":"a","1279":"t","1280":" ","1281":"B","1282":"o","1283":"b","1284":" ","1285":"C","1286":"o","1287":"r","1288":"p","1289":".","1290":"<","1291":"/","1292":"h","1293":"2","1294":">","1295":"\\","1296":"r","1297":"\\","1298":"n","1299":" ","1300":" ","1301":" ","1302":" ","1303":"<","1304":"/","1305":"s","1306":"e","1307":"c","1308":"t","1309":"i","1310":"o","1311":"n","1312":">","1313":"\\","1314":"r","1315":"\\","1316":"n","1317":"<","1318":"/","1319":"t","1320":"e","1321":"m","1322":"p","1323":"l","1324":"a","1325":"t","1326":"e","1327":">","1328":"\\","1329":"r","1330":"\\","1331":"n","1332":"\\","1333":"r","1334":"\\","1335":"n","1336":"<","1337":"s","1338":"c","1339":"r","1340":"i","1341":"p","1342":"t","1343":">","1344":"\\","1345":"r","1346":"\\","1347":"n","1348":"i","1349":"m","1350":"p","1351":"o","1352":"r","1353":"t","1354":" ","1355":"n","1356":"e","1357":"x","1358":"t","1359":"E","1360":"l","1361":"e","1362":"m","1363":"e","1364":"n","1365":"t","1366":"I","1367":"n","1368":"L","1369":"i","1370":"s","1371":"t","1372":" ","1373":"f","1374":"r","1375":"o","1376":"m","1377":" ","1378":"\\","1379":"\"","1380":"@","1381":"/","1382":"u","1383":"t","1384":"i","1385":"l","1386":"s","1387":"/","1388":"n","1389":"e","1390":"x","1391":"t","1392":"E","1393":"l","1394":"e","1395":"m","1396":"e","1397":"n","1398":"t","1399":"I","1400":"n","1401":"L","1402":"i","1403":"s","1404":"t","1405":"\\","1406":"\"","1407":";","1408":"\\","1409":"r","1410":"\\","1411":"n","1412":"\\","1413":"r","1414":"\\","1415":"n","1416":"e","1417":"x","1418":"p","1419":"o","1420":"r","1421":"t","1422":" ","1423":"d","1424":"e","1425":"f","1426":"a","1427":"u","1428":"l","1429":"t","1430":" ","1431":"{","1432":"\\","1433":"r","1434":"\\","1435":"n","1436":" ","1437":" ","1438":" ","1439":" ","1440":"n","1441":"a","1442":"m","1443":"e","1444":":","1445":" ","1446":"\\","1447":"\"","1448":"H","1449":"e","1450":"a","1451":"d","1452":"l","1453":"i","1454":"n","1455":"e","1456":"\\","1457":"\"","1458":",","1459":"\\","1460":"r","1461":"\\","1462":"n","1463":" ","1464":" ","1465":" ","1466":" ","1467":"d","1468":"a","1469":"t","1470":"a","1471":"(","1472":")","1473":" ","1474":"{","1475":"\\","1476":"r","1477":"\\","1478":"n","1479":" ","1480":" ","1481":" ","1482":" ","1483":" ","1484":" ","1485":" ","1486":" ","1487":"r","1488":"e","1489":"t","1490":"u","1491":"r","1492":"n","1493":" ","1494":"{","1495":"\\","1496":"r","1497":"\\","1498":"n","1499":" ","1500":" ","1501":" ","1502":" ","1503":" ","1504":" ","1505":" ","1506":" ","1507":" ","1508":" ","1509":" ","1510":" ","1511":"a","1512":"c","1513":"t","1514":"i","1515":"o","1516":"n","1517":":","1518":" ","1519":"\\","1520":"\"","1521":"B","1522":"u","1523":"i","1524":"l","1525":"d","1526":"\\","1527":"\"","1528":",","1529":"\\","1530":"r","1531":"\\","1532":"n","1533":" ","1534":" ","1535":" ","1536":" ","1537":" ","1538":" ","1539":" ","1540":" ","1541":" ","1542":" ","1543":" ","1544":" ","1545":"i","1546":"n","1547":"t","1548":"e","1549":"r","1550":"v","1551":"a","1552":"l","1553":":","1554":" ","1555":"n","1556":"u","1557":"l","1558":"l","1559":",","1560":"\\","1561":"r","1562":"\\","1563":"n","1564":" ","1565":" ","1566":" ","1567":" ","1568":" ","1569":" ","1570":" ","1571":" ","1572":"}","1573":";","1574":"\\","1575":"r","1576":"\\","1577":"n","1578":" ","1579":" ","1580":" ","1581":" ","1582":"}","1583":",","1584":"\\","1585":"r","1586":"\\","1587":"n","1588":" ","1589":" ","1590":" ","1591":" ","1592":"c","1593":"o","1594":"m","1595":"p","1596":"u","1597":"t","1598":"e","1599":"d","1600":":","1601":" ","1602":"{","1603":"\\","1604":"r","1605":"\\","1606":"n","1607":" ","1608":" ","1609":" ","1610":" ","1611":" ","1612":" ","1613":" ","1614":" ","1615":"a","1616":"c","1617":"t","1618":"i","1619":"o","1620":"n","1621":"C","1622":"l","1623":"a","1624":"s","1625":"s","1626":"e","1627":"s","1628":"(","1629":")","1630":" ","1631":"{","1632":"\\","1633":"r","1634":"\\","1635":"n","1636":" ","1637":" ","1638":" ","1639":" ","1640":" ","1641":" ","1642":" ","1643":" ","1644":" ","1645":" ","1646":" ","1647":" ","1648":"r","1649":"e","1650":"t","1651":"u","1652":"r","1653":"n","1654":" ","1655":"{","1656":"\\","1657":"r","1658":"\\","1659":"n","1660":" ","1661":" ","1662":" ","1663":" ","1664":" ","1665":" ","1666":" ","1667":" ","1668":" ","1669":" ","1670":" ","1671":" ","1672":" ","1673":" ","1674":" ","1675":" ","1676":"[","1677":"t","1678":"h","1679":"i","1680":"s","1681":".","1682":"a","1683":"c","1684":"t","1685":"i","1686":"o","1687":"n","1688":".","1689":"t","1690":"o","1691":"L","1692":"o","1693":"w","1694":"e","1695":"r","1696":"C","1697":"a","1698":"s","1699":"e","1700":"(","1701":")","1702":"]","1703":":","1704":" ","1705":"t","1706":"r","1707":"u","1708":"e","1709":",","1710":"\\","1711":"r","1712":"\\","1713":"n","1714":" ","1715":" ","1716":" ","1717":" ","1718":" ","1719":" ","1720":" ","1721":" ","1722":" ","1723":" ","1724":" ","1725":" ","1726":"}","1727":";","1728":"\\","1729":"r","1730":"\\","1731":"n","1732":" ","1733":" ","1734":" ","1735":" ","1736":" ","1737":" ","1738":" ","1739":" ","1740":"}","1741":",","1742":"\\","1743":"r","1744":"\\","1745":"n","1746":" ","1747":" ","1748":" ","1749":" ","1750":"}","1751":",","1752":"\\","1753":"r","1754":"\\","1755":"n","1756":" ","1757":" ","1758":" ","1759":" ","1760":"c","1761":"r","1762":"e","1763":"a","1764":"t","1765":"e","1766":"d","1767":"(","1768":")","1769":" ","1770":"{","1771":"\\","1772":"r","1773":"\\","1774":"n","1775":" ","1776":" ","1777":" ","1778":" ","1779":" ","1780":" ","1781":" ","1782":" ","1783":"t","1784":"h","1785":"i","1786":"s","1787":".","1788":"c","1789":"h","1790":"a","1791":"n","1792":"g","1793":"e","1794":"T","1795":"i","1796":"t","1797":"l","1798":"e","1799":"(","1800":")","1801":";","1802":"\\","1803":"r","1804":"\\","1805":"n","1806":" ","1807":" ","1808":" ","1809":" ","1810":"}","1811":",","1812":"\\","1813":"r","1814":"\\","1815":"n","1816":" ","1817":" ","1818":" ","1819":" ","1820":"b","1821":"e","1822":"f","1823":"o","1824":"r","1825":"e","1826":"U","1827":"n","1828":"m","1829":"o","1830":"u","1831":"n","1832":"t","1833":"(","1834":")","1835":" ","1836":"{","1837":"\\","1838":"r","1839":"\\","1840":"n","1841":" ","1842":" ","1843":" ","1844":" ","1845":" ","1846":" ","1847":" ","1848":" ","1849":"c","1850":"l","1851":"e","1852":"a","1853":"r","1854":"I","1855":"n","1856":"t","1857":"e","1858":"r","1859":"v","1860":"a","1861":"l","1862":"(","1863":"t","1864":"h","1865":"i","1866":"s","1867":".","1868":"i","1869":"n","1870":"t","1871":"e","1872":"r","1873":"v","1874":"a","1875":"l","1876":")","1877":";","1878":"\\","1879":"r","1880":"\\","1881":"n","1882":" ","1883":" ","1884":" ","1885":" ","1886":"}","1887":",","1888":"\\","1889":"r","1890":"\\","1891":"n","1892":"\\","1893":"r","1894":"\\","1895":"n","1896":" ","1897":" ","1898":" ","1899":" ","1900":"m","1901":"e","1902":"t","1903":"h","1904":"o","1905":"d","1906":"s","1907":":","1908":" ","1909":"{","1910":"\\","1911":"r","1912":"\\","1913":"n","1914":" ","1915":" ","1916":" ","1917":" ","1918":" ","1919":" ","1920":" ","1921":" ","1922":"c","1923":"h","1924":"a","1925":"n","1926":"g","1927":"e","1928":"T","1929":"i","1930":"t","1931":"l","1932":"e","1933":"(","1934":")","1935":" ","1936":"{","1937":"\\","1938":"r","1939":"\\","1940":"n","1941":" ","1942":" ","1943":" ","1944":" ","1945":" ","1946":" ","1947":" ","1948":" ","1949":" ","1950":" ","1951":" ","1952":" ","1953":"t","1954":"h","1955":"i","1956":"s","1957":".","1958":"i","1959":"n","1960":"t","1961":"e","1962":"r","1963":"v","1964":"a","1965":"l","1966":" ","1967":"=","1968":" ","1969":"s","1970":"e","1971":"t","1972":"I","1973":"n","1974":"t","1975":"e","1976":"r","1977":"v","1978":"a","1979":"l","1980":"(","1981":"(","1982":")","1983":" ","1984":"=","1985":">","1986":" ","1987":"{","1988":"\\","1989":"r","1990":"\\","1991":"n","1992":" ","1993":" ","1994":" ","1995":" ","1996":" ","1997":" ","1998":" ","1999":" ","2000":" ","2001":" ","2002":" ","2003":" ","2004":" ","2005":" ","2006":" ","2007":" ","2008":"l","2009":"e","2010":"t","2011":" ","2012":"a","2013":"c","2014":"t","2015":"i","2016":"o","2017":"n","2018":"s","2019":" ","2020":"=","2021":" ","2022":"[","2023":"\\","2024":"\"","2025":"B","2026":"u","2027":"i","2028":"l","2029":"d","2030":"\\","2031":"\"","2032":",","2033":" ","2034":"\\","2035":"\"","2036":"C","2037":"r","2038":"e","2039":"a","2040":"t","2041":"e","2042":"\\","2043":"\"","2044":",","2045":" ","2046":"\\","2047":"\"","2048":"D","2049":"e","2050":"s","2051":"i","2052":"g","2053":"n","2054":"\\","2055":"\"","2056":",","2057":" ","2058":"\\","2059":"\"","2060":"C","2061":"o","2062":"d","2063":"e","2064":"\\","2065":"\"","2066":"]","2067":";","2068":"\\","2069":"r","2070":"\\","2071":"n","2072":" ","2073":" ","2074":" ","2075":" ","2076":" ","2077":" ","2078":" ","2079":" ","2080":" ","2081":" ","2082":" ","2083":" ","2084":" ","2085":" ","2086":" ","2087":" ","2088":"l","2089":"e","2090":"t","2091":" ","2092":"n","2093":"e","2094":"x","2095":"t","2096":"A","2097":"c","2098":"t","2099":"i","2100":"o","2101":"n","2102":" ","2103":"=","2104":" ","2105":"n","2106":"e","2107":"x","2108":"t","2109":"E","2110":"l","2111":"e","2112":"m","2113":"e","2114":"n","2115":"t","2116":"I","2117":"n","2118":"L","2119":"i","2120":"s","2121":"t","2122":"(","2123":"a","2124":"c","2125":"t","2126":"i","2127":"o","2128":"n","2129":"s","2130":",","2131":" ","2132":"t","2133":"h","2134":"i","2135":"s","2136":".","2137":"a","2138":"c","2139":"t","2140":"i","2141":"o","2142":"n","2143":")","2144":";","2145":"\\","2146":"r","2147":"\\","2148":"n","2149":" ","2150":" ","2151":" ","2152":" ","2153":" ","2154":" ","2155":" ","2156":" ","2157":" ","2158":" ","2159":" ","2160":" ","2161":" ","2162":" ","2163":" ","2164":" ","2165":"t","2166":"h","2167":"i","2168":"s","2169":".","2170":"a","2171":"c","2172":"t","2173":"i","2174":"o","2175":"n","2176":" ","2177":"=","2178":" ","2179":"n","2180":"e","2181":"x","2182":"t","2183":"A","2184":"c","2185":"t","2186":"i","2187":"o","2188":"n","2189":";","2190":"\\","2191":"r","2192":"\\","2193":"n","2194":" ","2195":" ","2196":" ","2197":" ","2198":" ","2199":" ","2200":" ","2201":" ","2202":" ","2203":" ","2204":" ","2205":" ","2206":"}","2207":",","2208":" ","2209":"3","2210":"0","2211":"0","2212":"0","2213":")","2214":";","2215":"\\","2216":"r","2217":"\\","2218":"n","2219":" ","2220":" ","2221":" ","2222":" ","2223":" ","2224":" ","2225":" ","2226":" ","2227":"}","2228":",","2229":"\\","2230":"r","2231":"\\","2232":"n","2233":" ","2234":" ","2235":" ","2236":" ","2237":"}","2238":",","2239":"\\","2240":"r","2241":"\\","2242":"n","2243":"}","2244":";","2245":"\\","2246":"r","2247":"\\","2248":"n","2249":"<","2250":"/","2251":"s","2252":"c","2253":"r","2254":"i","2255":"p","2256":"t","2257":">","2258":"\\","2259":"r","2260":"\\","2261":"n","2262":"\\","2263":"r","2264":"\\","2265":"n","2266":"<","2267":"s","2268":"t","2269":"y","2270":"l","2271":"e","2272":" ","2273":"s","2274":"c","2275":"o","2276":"p","2277":"e","2278":"d","2279":">","2280":"\\","2281":"r","2282":"\\","2283":"n","2284":".","2285":"b","2286":"u","2287":"i","2288":"l","2289":"d","2290":" ","2291":"{","2292":"\\","2293":"r","2294":"\\","2295":"n","2296":" ","2297":" ","2298":" ","2299":" ","2300":"c","2301":"o","2302":"l","2303":"o","2304":"r","2305":":","2306":" ","2307":"#","2308":"1","2309":"a","2310":"7","2311":"3","2312":"e","2313":"8","2314":";","2315":"\\","2316":"r","2317":"\\","2318":"n","2319":"}","2320":"\\","2321":"r","2322":"\\","2323":"n","2324":".","2325":"c","2326":"r","2327":"e","2328":"a","2329":"t","2330":"e","2331":" ","2332":"{","2333":"\\","2334":"r","2335":"\\","2336":"n","2337":" ","2338":" ","2339":" ","2340":" ","2341":"c","2342":"o","2343":"l","2344":"o","2345":"r","2346":":","2347":" ","2348":"#","2349":"3","2350":"4","2351":"a","2352":"8","2353":"5","2354":"3","2355":";","2356":"\\","2357":"r","2358":"\\","2359":"n","2360":"}","2361":"\\","2362":"r","2363":"\\","2364":"n","2365":".","2366":"d","2367":"e","2368":"s","2369":"i","2370":"g","2371":"n","2372":" ","2373":"{","2374":"\\","2375":"r","2376":"\\","2377":"n","2378":" ","2379":" ","2380":" ","2381":" ","2382":"c","2383":"o","2384":"l","2385":"o","2386":"r","2387":":","2388":" ","2389":"#","2390":"f","2391":"9","2392":"a","2393":"b","2394":"0","2395":"0","2396":";","2397":"\\","2398":"r","2399":"\\","2400":"n","2401":"}","2402":"\\","2403":"r","2404":"\\","2405":"n","2406":".","2407":"c","2408":"o","2409":"d","2410":"e","2411":" ","2412":"{","2413":"\\","2414":"r","2415":"\\","2416":"n","2417":" ","2418":" ","2419":" ","2420":" ","2421":"c","2422":"o","2423":"l","2424":"o","2425":"r","2426":":","2427":" ","2428":"#","2429":"d","2430":"9","2431":"3","2432":"0","2433":"2","2434":"5","2435":";","2436":"\\","2437":"r","2438":"\\","2439":"n","2440":"}","2441":"\\","2442":"r","2443":"\\","2444":"n","2445":"<","2446":"/","2447":"s","2448":"t","2449":"y","2450":"l","2451":"e","2452":">","2453":"\\","2454":"r","2455":"\\","2456":"n","2457":"\"","2458":"]","2459":"}"},"_coverageSchema":"1a1c01bbd47fc00a2c39e90264f33305004495a9","hash":"8b726b39ca881ff40baa4c85100f96456b0d279b"}
,"D:\\Code_D\\VUEJS\\job-search\\src\\components\\Navigation\\MainNav.vue": {"path":"D:\\Code_D\\VUEJS\\job-search\\src\\components\\Navigation\\MainNav.vue","statementMap":{"0":{"start":{"line":4,"column":29},"end":{"line":4,"column":135}},"1":{"start":{"line":5,"column":0},"end":{"line":7,"column":3}},"2":{"start":{"line":8,"column":0},"end":{"line":8,"column":25}},"3":{"start":{"line":62,"column":0},"end":{"line":62,"column":13}},"4":{"start":{"line":64,"column":0},"end":{"line":66,"column":3}},"5":{"start":{"line":67,"column":0},"end":{"line":67,"column":24}},"6":{"start":{"line":68,"column":11},"end":{"line":68,"column":25}},"7":{"start":{"line":69,"column":19},"end":{"line":71,"column":1}},"8":{"start":{"line":72,"column":19},"end":{"line":74,"column":1}},"9":{"start":{"line":75,"column":19},"end":{"line":75,"column":27}},"10":{"start":{"line":76,"column":19},"end":{"line":78,"column":1}},"11":{"start":{"line":79,"column":19},"end":{"line":81,"column":1}},"12":{"start":{"line":82,"column":19},"end":{"line":85,"column":1}},"13":{"start":{"line":86,"column":19},"end":{"line":88,"column":1}},"14":{"start":{"line":90,"column":34},"end":{"line":90,"column":76}},"15":{"start":{"line":91,"column":34},"end":{"line":91,"column":76}},"16":{"start":{"line":92,"column":32},"end":{"line":92,"column":72}},"17":{"start":{"line":93,"column":2},"end":{"line":116,"column":68}},"18":{"start":{"line":99,"column":4},"end":{"line":103,"column":103}},"19":{"start":{"line":117,"column":2},"end":{"line":117,"column":49}}},"fnMap":{"0":{"name":"render","decl":{"start":{"line":89,"column":9},"end":{"line":89,"column":15}},"loc":{"start":{"line":89,"column":30},"end":{"line":117,"column":1}},"line":89},"1":{"name":"(anonymous_1)","decl":{"start":{"line":98,"column":292},"end":{"line":98,"column":293}},"loc":{"start":{"line":98,"column":309},"end":{"line":104,"column":3}},"line":98}},"branchMap":{"0":{"loc":{"start":{"line":104,"column":87},"end":{"line":113,"column":39}},"type":"cond-expr","locations":[{"start":{"line":104,"column":106},"end":{"line":107,"column":4}},{"start":{"line":107,"column":9},"end":{"line":113,"column":38}}],"line":104},"1":{"loc":{"start":{"line":113,"column":47},"end":{"line":116,"column":50}},"type":"cond-expr","locations":[{"start":{"line":113,"column":66},"end":{"line":116,"column":4}},{"start":{"line":116,"column":8},"end":{"line":116,"column":50}}],"line":113}},"s":{"0":1,"1":1,"2":1,"3":1,"4":1,"5":1,"6":1,"7":1,"8":1,"9":1,"10":1,"11":1,"12":1,"13":1,"14":8,"15":8,"16":8,"17":8,"18":48,"19":1},"f":{"0":8,"1":48},"b":{"0":[2,6],"1":[2,6]},"inputSourceMap":{"0":"{","1":"\"","2":"v","3":"e","4":"r","5":"s","6":"i","7":"o","8":"n","9":"\"","10":":","11":"3","12":",","13":"\"","14":"s","15":"o","16":"u","17":"r","18":"c","19":"e","20":"s","21":"\"","22":":","23":"[","24":"\"","25":"D","26":":","27":"\\","28":"\\","29":"C","30":"o","31":"d","32":"e","33":"_","34":"D","35":"\\","36":"\\","37":"V","38":"U","39":"E","40":"J","41":"S","42":"\\","43":"\\","44":"j","45":"o","46":"b","47":"-","48":"s","49":"e","50":"a","51":"r","52":"c","53":"h","54":"\\","55":"\\","56":"s","57":"r","58":"c","59":"\\","60":"\\","61":"c","62":"o","63":"m","64":"p","65":"o","66":"n","67":"e","68":"n","69":"t","70":"s","71":"\\","72":"\\","73":"N","74":"a","75":"v","76":"i","77":"g","78":"a","79":"t","80":"i","81":"o","82":"n","83":"\\","84":"\\","85":"M","86":"a","87":"i","88":"n","89":"N","90":"a","91":"v","92":".","93":"v","94":"u","95":"e","96":"\"","97":"]","98":",","99":"\"","100":"n","101":"a","102":"m","103":"e","104":"s","105":"\"","106":":","107":"[","108":"]","109":",","110":"\"","111":"m","112":"a","113":"p","114":"p","115":"i","116":"n","117":"g","118":"s","119":"\"","120":":","121":"\"","122":";","123":";","124":";","125":";","126":";","127":";","128":";","129":";","130":"A","131":"A","132":"0","133":"C","134":"A","135":";","136":"A","137":"A","138":"A","139":"A","140":";","141":"A","142":"A","143":"A","144":"A","145":";","146":"A","147":"A","148":"C","149":"A","150":";","151":"A","152":"A","153":"A","154":"A","155":";","156":"A","157":"A","158":"A","159":"A","160":";","161":"A","162":"A","163":"C","164":"A","165":";","166":"A","167":"A","168":"A","169":"A","170":";","171":"A","172":"A","173":"A","174":"A","175":";","176":"A","177":"A","178":"A","179":"g","180":"E","181":";","182":"A","183":"A","184":"A","185":"A","186":",","187":"e","188":"A","189":"E","190":"j","191":"D","192":";","193":"E","194":"A","195":"C","196":"X","197":",","198":"I","199":"A","200":"A","201":"I","202":",","203":"E","204":"A","205":"A","206":"E","207":",","208":"S","209":"A","210":"A","211":"S","212":";","213":"E","214":"A","215":"C","216":"f","217":",","218":"U","219":"A","220":"A","221":"U","222":",","223":"E","224":"A","225":"A","226":"E","227":";","228":"I","229":"A","230":"C","231":"R","232":",","233":"Y","234":"A","235":"A","236":"Y","237":";","238":"I","239":"A","240":"A","241":"Z","242":";","243":"I","244":"A","245":"A","246":"A","247":";","248":"I","249":"A","250":"A","251":"A","252":";","253":"I","254":"A","255":"A","256":"A","257":",","258":"O","259":"A","260":"A","261":"Y","262":";","263":"I","264":"A","265":"C","266":"Z","267":",","268":"Y","269":"A","270":"A","271":"Y","272":";","273":"I","274":"A","275":"A","276":"Z","277":";","278":"I","279":"A","280":"A","281":"A","282":";","283":"I","284":"A","285":"A","286":"A","287":";","288":"I","289":"A","290":"A","291":"A","292":",","293":"O","294":"A","295":"A","296":"Y","297":";","298":"I","299":"A","300":"C","301":"Z","302":",","303":"U","304":"A","305":"A","306":"U","307":";","308":"I","309":"A","310":"A","311":"V","312":";","313":"I","314":"A","315":"A","316":"A","317":";","318":"I","319":"A","320":"A","321":"A","322":";","323":"I","324":"A","325":"A","326":"A","327":";","328":"E","329":"A","330":"C","331":"J","332":",","333":"C","334":"A","335":"A","336":"C","337":";","338":"E","339":"A","340":"C","341":"D","342":",","343":"I","344":"A","345":"A","346":"I","347":",","348":"G","349":"A","350":"A","351":"G","352":";","353":"I","354":"A","355":"C","356":"H","357":",","358":"O","359":"A","360":"A","361":"O","362":";","363":"M","364":"A","365":"C","366":"H","367":",","368":"O","369":"A","370":"A","371":"O","372":",","373":"E","374":"A","375":"A","376":"E","377":",","378":"c","379":"A","380":"A","381":"c","382":";","383":"M","384":"A","385":"C","386":"v","387":"B","388":",","389":"G","390":"A","391":"A","392":"G","393":",","394":"E","395":"A","396":"A","397":"E","398":",","399":"6","400":"B","401":"A","402":"A","403":"6","404":"B","405":";","406":"M","407":"A","408":"C","409":"l","410":"C","411":",","412":"S","413":"A","414":"A","415":"S","416":",","417":"E","418":"A","419":"A","420":"E","421":",","422":"C","423":"A","424":"C","425":"P","426":",","427":"O","428":"A","429":"A","430":"O","431":",","432":"E","433":"A","434":"C","435":"P","436":",","437":"W","438":"A","439":"A","440":"W","441":",","442":"E","443":"A","444":"C","445":"X","446":",","447":"k","448":"B","449":"A","450":"A","451":"k","452":"B","453":",","454":"E","455":"A","456":"C","457":"l","458":"B","459":",","460":"a","461":"A","462":"A","463":"a","464":",","465":"E","466":"A","467":"C","468":"b","469":",","470":"U","471":"A","472":"A","473":"U","474":",","475":"E","476":"A","477":"C","478":"V","479":",","480":"M","481":"A","482":"A","483":"M","484":",","485":"C","486":"A","487":"C","488":"T","489":";","490":"M","491":"A","492":"C","493":"D","494":",","495":"U","496":"A","497":"A","498":"U","499":",","500":"E","501":"A","502":"A","503":"E","504":";","505":"I","506":"A","507":"C","508":"h","509":"B","510":",","511":"C","512":"A","513":"A","514":"C","515":";","516":"E","517":"A","518":"C","519":"L","520":",","521":"C","522":"A","523":"A","524":"C","525":";","526":"E","527":"A","528":"C","529":"D","530":",","531":"Q","532":"A","533":"A","534":"Q","535":",","536":"E","537":"A","538":"A","539":"E","540":";","541":"I","542":"A","543":"C","544":"N","545":",","546":"i","547":"B","548":"A","549":"A","550":"i","551":"B","552":",","553":"G","554":"A","555":"A","556":"G","557":";","558":"M","559":"A","560":"C","561":"h","562":"B","563":",","564":"O","565":"A","566":"A","567":"O","568":";","569":"Q","570":"A","571":"C","572":"H","573":",","574":"M","575":"A","576":"A","577":"M","578":",","579":"E","580":"A","581":"A","582":"E","583":",","584":"C","585":"A","586":"A","587":"C","588":",","589":"I","590":"A","591":"A","592":"I","593":",","594":"C","595":"A","596":"A","597":"C","598":",","599":"U","600":"A","601":"A","602":"U","603":";","604":"Q","605":"A","606":"C","607":"x","608":"B","609":",","610":"M","611":"A","612":"A","613":"M","614":",","615":"E","616":"A","617":"A","618":"E","619":",","620":"I","621":"A","622":"A","623":"I","624":",","625":"C","626":"A","627":"A","628":"C","629":";","630":"M","631":"A","632":"C","633":"j","634":"B","635":",","636":"C","637":"A","638":"A","639":"C","640":";","641":"I","642":"A","643":"C","644":"L","645":";","646":"E","647":"A","648":"C","649":"J","650":",","651":"C","652":"A","653":"A","654":"C","655":";","656":"E","657":"A","658":"C","659":"D","660":",","661":"O","662":"A","663":"A","664":"O","665":",","666":"E","667":"A","668":"A","669":"E","670":";","671":"I","672":"A","673":"C","674":"L","675":",","676":"S","677":"A","678":"A","679":"S","680":",","681":"G","682":"A","683":"A","684":"G","685":";","686":"M","687":"A","688":"C","689":"R","690":",","691":"I","692":"A","693":"A","694":"I","695":",","696":"C","697":"A","698":"A","699":"C","700":",","701":"U","702":"A","703":"A","704":"U","705":",","706":"G","707":"A","708":"A","709":"G","710":",","711":"I","712":"A","713":"A","714":"I","715":";","716":"I","717":"A","718":"C","719":"1","720":"B","721":";","722":"E","723":"A","724":"C","725":"J","726":";","727":"A","728":"A","729":"C","730":"J","731":",","732":"C","733":"A","734":"A","735":"C","736":";","737":"A","738":"A","739":"A","740":"A","741":";","742":"A","743":"A","744":"A","745":"A","746":"\"","747":",","748":"\"","749":"f","750":"i","751":"l","752":"e","753":"\"","754":":","755":"\"","756":"D","757":":","758":"\\","759":"\\","760":"C","761":"o","762":"d","763":"e","764":"_","765":"D","766":"\\","767":"\\","768":"V","769":"U","770":"E","771":"J","772":"S","773":"\\","774":"\\","775":"j","776":"o","777":"b","778":"-","779":"s","780":"e","781":"a","782":"r","783":"c","784":"h","785":"\\","786":"\\","787":"s","788":"r","789":"c","790":"\\","791":"\\","792":"c","793":"o","794":"m","795":"p","796":"o","797":"n","798":"e","799":"n","800":"t","801":"s","802":"\\","803":"\\","804":"N","805":"a","806":"v","807":"i","808":"g","809":"a","810":"t","811":"i","812":"o","813":"n","814":"\\","815":"\\","816":"M","817":"a","818":"i","819":"n","820":"N","821":"a","822":"v","823":".","824":"v","825":"u","826":"e","827":"\"","828":",","829":"\"","830":"s","831":"o","832":"u","833":"r","834":"c","835":"e","836":"s","837":"C","838":"o","839":"n","840":"t","841":"e","842":"n","843":"t","844":"\"","845":":","846":"[","847":"\"","848":"<","849":"t","850":"e","851":"m","852":"p","853":"l","854":"a","855":"t","856":"e","857":">","858":"\\","859":"r","860":"\\","861":"n","862":" ","863":" ","864":" ","865":" ","866":"<","867":"h","868":"e","869":"a","870":"d","871":"e","872":"r","873":"\\","874":"r","875":"\\","876":"n","877":" ","878":" ","879":" ","880":" ","881":" ","882":" ","883":" ","884":" ","885":":","886":"c","887":"l","888":"a","889":"s","890":"s","891":"=","892":"\\","893":"\"","894":"[","895":"'","896":"w","897":"-","898":"f","899":"u","900":"l","901":"l","902":"'","903":",","904":" ","905":"'","906":"t","907":"e","908":"x","909":"t","910":"-","911":"s","912":"m","913":"'","914":",","915":" ","916":"'","917":"f","918":"l","919":"e","920":"x","921":"'","922":",","923":" ","924":"'","925":"f","926":"l","927":"e","928":"x","929":"-","930":"c","931":"o","932":"l","933":"'","934":",","935":" ","936":"h","937":"e","938":"a","939":"d","940":"e","941":"r","942":"H","943":"e","944":"i","945":"g","946":"h","947":"t","948":"C","949":"l","950":"a","951":"s","952":"s","953":"]","954":"\\","955":"\"","956":"\\","957":"r","958":"\\","959":"n","960":" ","961":" ","962":" ","963":" ","964":">","965":"\\","966":"r","967":"\\","968":"n","969":" ","970":" ","971":" ","972":" ","973":" ","974":" ","975":" ","976":" ","977":"<","978":"d","979":"i","980":"v","981":" ","982":"c","983":"l","984":"a","985":"s","986":"s","987":"=","988":"\\","989":"\"","990":"f","991":"i","992":"x","993":"e","994":"d","995":" ","996":"t","997":"o","998":"p","999":"-","1000":"0","1001":" ","1002":"l","1003":"e","1004":"f","1005":"t","1006":"-","1007":"0","1008":" ","1009":"h","1010":"-","1011":"1","1012":"6","1013":" ","1014":"w","1015":"-","1016":"f","1017":"u","1018":"l","1019":"l","1020":" ","1021":"b","1022":"g","1023":"-","1024":"w","1025":"h","1026":"i","1027":"t","1028":"e","1029":"\\","1030":"\"","1031":">","1032":"\\","1033":"r","1034":"\\","1035":"n","1036":" ","1037":" ","1038":" ","1039":" ","1040":" ","1041":" ","1042":" ","1043":" ","1044":" ","1045":" ","1046":" ","1047":" ","1048":"<","1049":"d","1050":"i","1051":"v","1052":"\\","1053":"r","1054":"\\","1055":"n","1056":" ","1057":" ","1058":" ","1059":" ","1060":" ","1061":" ","1062":" ","1063":" ","1064":" ","1065":" ","1066":" ","1067":" ","1068":" ","1069":" ","1070":" ","1071":" ","1072":"c","1073":"l","1074":"a","1075":"s","1076":"s","1077":"=","1078":"\\","1079":"\"","1080":"m","1081":"x","1082":"-","1083":"a","1084":"u","1085":"t","1086":"o","1087":" ","1088":"h","1089":"-","1090":"f","1091":"u","1092":"l","1093":"l","1094":" ","1095":"f","1096":"l","1097":"e","1098":"x","1099":" ","1100":"f","1101":"l","1102":"e","1103":"x","1104":"-","1105":"n","1106":"o","1107":"w","1108":"r","1109":"a","1110":"p","1111":" ","1112":"p","1113":"x","1114":"-","1115":"8","1116":" ","1117":"b","1118":"o","1119":"r","1120":"d","1121":"e","1122":"r","1123":"-","1124":"b","1125":" ","1126":"b","1127":"o","1128":"r","1129":"d","1130":"e","1131":"r","1132":"-","1133":"b","1134":"r","1135":"a","1136":"n","1137":"d","1138":"-","1139":"g","1140":"r","1141":"a","1142":"y","1143":"-","1144":"1","1145":"\\","1146":"\"","1147":"\\","1148":"r","1149":"\\","1150":"n","1151":" ","1152":" ","1153":" ","1154":" ","1155":" ","1156":" ","1157":" ","1158":" ","1159":" ","1160":" ","1161":" ","1162":" ","1163":">","1164":"\\","1165":"r","1166":"\\","1167":"n","1168":" ","1169":" ","1170":" ","1171":" ","1172":" ","1173":" ","1174":" ","1175":" ","1176":" ","1177":" ","1178":" ","1179":" ","1180":" ","1181":" ","1182":" ","1183":" ","1184":"<","1185":"a","1186":" ","1187":":","1188":"h","1189":"r","1190":"e","1191":"f","1192":"=","1193":"\\","1194":"\"","1195":"u","1196":"r","1197":"l","1198":"\\","1199":"\"","1200":" ","1201":"c","1202":"l","1203":"a","1204":"s","1205":"s","1206":"=","1207":"\\","1208":"\"","1209":"f","1210":"l","1211":"e","1212":"x","1213":" ","1214":"i","1215":"t","1216":"e","1217":"m","1218":"s","1219":"-","1220":"c","1221":"e","1222":"n","1223":"t","1224":"e","1225":"r","1226":" ","1227":"h","1228":"-","1229":"f","1230":"u","1231":"l","1232":"l","1233":" ","1234":"t","1235":"e","1236":"x","1237":"t","1238":"-","1239":"x","1240":"l","1241":"\\","1242":"\"","1243":">","1244":"{","1245":"{","1246":"\\","1247":"r","1248":"\\","1249":"n","1250":" ","1251":" ","1252":" ","1253":" ","1254":" ","1255":" ","1256":" ","1257":" ","1258":" ","1259":" ","1260":" ","1261":" ","1262":" ","1263":" ","1264":" ","1265":" ","1266":" ","1267":" ","1268":" ","1269":" ","1270":"c","1271":"o","1272":"m","1273":"p","1274":"a","1275":"n","1276":"y","1277":"\\","1278":"r","1279":"\\","1280":"n","1281":" ","1282":" ","1283":" ","1284":" ","1285":" ","1286":" ","1287":" ","1288":" ","1289":" ","1290":" ","1291":" ","1292":" ","1293":" ","1294":" ","1295":" ","1296":" ","1297":"}","1298":"}","1299":"<","1300":"/","1301":"a","1302":">","1303":"\\","1304":"r","1305":"\\","1306":"n","1307":" ","1308":" ","1309":" ","1310":" ","1311":" ","1312":" ","1313":" ","1314":" ","1315":" ","1316":" ","1317":" ","1318":" ","1319":" ","1320":" ","1321":" ","1322":" ","1323":"<","1324":"n","1325":"a","1326":"v","1327":" ","1328":"c","1329":"l","1330":"a","1331":"s","1332":"s","1333":"=","1334":"\\","1335":"\"","1336":"h","1337":"-","1338":"f","1339":"u","1340":"l","1341":"l","1342":" ","1343":"m","1344":"l","1345":"-","1346":"1","1347":"2","1348":"\\","1349":"\"","1350":">","1351":"\\","1352":"r","1353":"\\","1354":"n","1355":" ","1356":" ","1357":" ","1358":" ","1359":" ","1360":" ","1361":" ","1362":" ","1363":" ","1364":" ","1365":" ","1366":" ","1367":" ","1368":" ","1369":" ","1370":" ","1371":" ","1372":" ","1373":" ","1374":" ","1375":"<","1376":"u","1377":"l","1378":" ","1379":"c","1380":"l","1381":"a","1382":"s","1383":"s","1384":"=","1385":"\\","1386":"\"","1387":"f","1388":"l","1389":"e","1390":"x","1391":" ","1392":"i","1393":"t","1394":"e","1395":"m","1396":"s","1397":"-","1398":"c","1399":"e","1400":"n","1401":"t","1402":"e","1403":"r","1404":" ","1405":"h","1406":"-","1407":"f","1408":"u","1409":"l","1410":"l","1411":" ","1412":"s","1413":"p","1414":"a","1415":"c","1416":"e","1417":"-","1418":"x","1419":"-","1420":"8","1421":" ","1422":"l","1423":"i","1424":"s","1425":"t","1426":"-","1427":"n","1428":"o","1429":"n","1430":"e","1431":"\\","1432":"\"","1433":">","1434":"\\","1435":"r","1436":"\\","1437":"n","1438":" ","1439":" ","1440":" ","1441":" ","1442":" ","1443":" ","1444":" ","1445":" ","1446":" ","1447":" ","1448":" ","1449":" ","1450":" ","1451":" ","1452":" ","1453":" ","1454":" ","1455":" ","1456":" ","1457":" ","1458":" ","1459":" ","1460":" ","1461":" ","1462":"<","1463":"l","1464":"i","1465":"\\","1466":"r","1467":"\\","1468":"n","1469":" ","1470":" ","1471":" ","1472":" ","1473":" ","1474":" ","1475":" ","1476":" ","1477":" ","1478":" ","1479":" ","1480":" ","1481":" ","1482":" ","1483":" ","1484":" ","1485":" ","1486":" ","1487":" ","1488":" ","1489":" ","1490":" ","1491":" ","1492":" ","1493":" ","1494":" ","1495":" ","1496":" ","1497":"v","1498":"-","1499":"f","1500":"o","1501":"r","1502":"=","1503":"\\","1504":"\"","1505":"(","1506":"i","1507":"t","1508":"e","1509":"m","1510":",","1511":" ","1512":"i","1513":"n","1514":"d","1515":"e","1516":"x","1517":")","1518":" ","1519":"i","1520":"n","1521":" ","1522":"m","1523":"e","1524":"n","1525":"u","1526":"I","1527":"t","1528":"e","1529":"m","1530":"s","1531":"\\","1532":"\"","1533":"\\","1534":"r","1535":"\\","1536":"n","1537":" ","1538":" ","1539":" ","1540":" ","1541":" ","1542":" ","1543":" ","1544":" ","1545":" ","1546":" ","1547":" ","1548":" ","1549":" ","1550":" ","1551":" ","1552":" ","1553":" ","1554":" ","1555":" ","1556":" ","1557":" ","1558":" ","1559":" ","1560":" ","1561":" ","1562":" ","1563":" ","1564":" ","1565":":","1566":"k","1567":"e","1568":"y","1569":"=","1570":"\\","1571":"\"","1572":"i","1573":"n","1574":"d","1575":"e","1576":"x","1577":"\\","1578":"\"","1579":"\\","1580":"r","1581":"\\","1582":"n","1583":" ","1584":" ","1585":" ","1586":" ","1587":" ","1588":" ","1589":" ","1590":" ","1591":" ","1592":" ","1593":" ","1594":" ","1595":" ","1596":" ","1597":" ","1598":" ","1599":" ","1600":" ","1601":" ","1602":" ","1603":" ","1604":" ","1605":" ","1606":" ","1607":" ","1608":" ","1609":" ","1610":" ","1611":"d","1612":"a","1613":"t","1614":"a","1615":"-","1616":"t","1617":"e","1618":"s","1619":"t","1620":"=","1621":"\\","1622":"\"","1623":"m","1624":"a","1625":"i","1626":"n","1627":"-","1628":"n","1629":"a","1630":"v","1631":"-","1632":"l","1633":"i","1634":"s","1635":"t","1636":"-","1637":"i","1638":"t","1639":"e","1640":"m","1641":"\\","1642":"\"","1643":"\\","1644":"r","1645":"\\","1646":"n","1647":" ","1648":" ","1649":" ","1650":" ","1651":" ","1652":" ","1653":" ","1654":" ","1655":" ","1656":" ","1657":" ","1658":" ","1659":" ","1660":" ","1661":" ","1662":" ","1663":" ","1664":" ","1665":" ","1666":" ","1667":" ","1668":" ","1669":" ","1670":" ","1671":" ","1672":" ","1673":" ","1674":" ","1675":"c","1676":"l","1677":"a","1678":"s","1679":"s","1680":"=","1681":"\\","1682":"\"","1683":"h","1684":"-","1685":"f","1686":"u","1687":"l","1688":"l","1689":"\\","1690":"\"","1691":"\\","1692":"r","1693":"\\","1694":"n","1695":" ","1696":" ","1697":" ","1698":" ","1699":" ","1700":" ","1701":" ","1702":" ","1703":" ","1704":" ","1705":" ","1706":" ","1707":" ","1708":" ","1709":" ","1710":" ","1711":" ","1712":" ","1713":" ","1714":" ","1715":" ","1716":" ","1717":" ","1718":" ","1719":">","1720":"\\","1721":"r","1722":"\\","1723":"n","1724":" ","1725":" ","1726":" ","1727":" ","1728":" ","1729":" ","1730":" ","1731":" ","1732":" ","1733":" ","1734":" ","1735":" ","1736":" ","1737":" ","1738":" ","1739":" ","1740":" ","1741":" ","1742":" ","1743":" ","1744":" ","1745":" ","1746":" ","1747":" ","1748":" ","1749":" ","1750":" ","1751":" ","1752":"<","1753":"a","1754":" ","1755":"c","1756":"l","1757":"a","1758":"s","1759":"s","1760":"=","1761":"\\","1762":"\"","1763":"h","1764":"-","1765":"f","1766":"u","1767":"l","1768":"l","1769":" ","1770":"f","1771":"l","1772":"e","1773":"x","1774":" ","1775":"i","1776":"t","1777":"e","1778":"m","1779":"s","1780":"-","1781":"c","1782":"e","1783":"n","1784":"t","1785":"e","1786":"r","1787":"\\","1788":"\"","1789":" ","1790":"h","1791":"r","1792":"e","1793":"f","1794":"=","1795":"\\","1796":"\"","1797":"\\","1798":"\"","1799":">","1800":"\\","1801":"r","1802":"\\","1803":"n","1804":" ","1805":" ","1806":" ","1807":" ","1808":" ","1809":" ","1810":" ","1811":" ","1812":" ","1813":" ","1814":" ","1815":" ","1816":" ","1817":" ","1818":" ","1819":" ","1820":" ","1821":" ","1822":" ","1823":" ","1824":" ","1825":" ","1826":" ","1827":" ","1828":" ","1829":" ","1830":" ","1831":" ","1832":" ","1833":" ","1834":" ","1835":" ","1836":"{","1837":"{","1838":" ","1839":"i","1840":"t","1841":"e","1842":"m","1843":" ","1844":"}","1845":"}","1846":"\\","1847":"r","1848":"\\","1849":"n","1850":" ","1851":" ","1852":" ","1853":" ","1854":" ","1855":" ","1856":" ","1857":" ","1858":" ","1859":" ","1860":" ","1861":" ","1862":" ","1863":" ","1864":" ","1865":" ","1866":" ","1867":" ","1868":" ","1869":" ","1870":" ","1871":" ","1872":" ","1873":" ","1874":" ","1875":" ","1876":" ","1877":" ","1878":"<","1879":"/","1880":"a","1881":">","1882":"\\","1883":"r","1884":"\\","1885":"n","1886":" ","1887":" ","1888":" ","1889":" ","1890":" ","1891":" ","1892":" ","1893":" ","1894":" ","1895":" ","1896":" ","1897":" ","1898":" ","1899":" ","1900":" ","1901":" ","1902":" ","1903":" ","1904":" ","1905":" ","1906":" ","1907":" ","1908":" ","1909":" ","1910":"<","1911":"/","1912":"l","1913":"i","1914":">","1915":"\\","1916":"r","1917":"\\","1918":"n","1919":" ","1920":" ","1921":" ","1922":" ","1923":" ","1924":" ","1925":" ","1926":" ","1927":" ","1928":" ","1929":" ","1930":" ","1931":" ","1932":" ","1933":" ","1934":" ","1935":" ","1936":" ","1937":" ","1938":" ","1939":"<","1940":"/","1941":"u","1942":"l","1943":">","1944":"\\","1945":"r","1946":"\\","1947":"n","1948":" ","1949":" ","1950":" ","1951":" ","1952":" ","1953":" ","1954":" ","1955":" ","1956":" ","1957":" ","1958":" ","1959":" ","1960":" ","1961":" ","1962":" ","1963":" ","1964":"<","1965":"/","1966":"n","1967":"a","1968":"v","1969":">","1970":"\\","1971":"r","1972":"\\","1973":"n","1974":" ","1975":" ","1976":" ","1977":" ","1978":" ","1979":" ","1980":" ","1981":" ","1982":" ","1983":" ","1984":" ","1985":" ","1986":" ","1987":" ","1988":" ","1989":" ","1990":"<","1991":"d","1992":"i","1993":"v","1994":" ","1995":"c","1996":"l","1997":"a","1998":"s","1999":"s","2000":"=","2001":"\\","2002":"\"","2003":"f","2004":"l","2005":"e","2006":"x","2007":" ","2008":"i","2009":"t","2010":"e","2011":"m","2012":"s","2013":"-","2014":"c","2015":"e","2016":"n","2017":"t","2018":"e","2019":"r","2020":" ","2021":"h","2022":"-","2023":"f","2024":"u","2025":"l","2026":"l","2027":" ","2028":"m","2029":"l","2030":"-","2031":"a","2032":"u","2033":"t","2034":"o","2035":"\\","2036":"\"","2037":">","2038":"\\","2039":"r","2040":"\\","2041":"n","2042":" ","2043":" ","2044":" ","2045":" ","2046":" ","2047":" ","2048":" ","2049":" ","2050":" ","2051":" ","2052":" ","2053":" ","2054":" ","2055":" ","2056":" ","2057":" ","2058":" ","2059":" ","2060":" ","2061":" ","2062":"<","2063":"P","2064":"r","2065":"o","2066":"f","2067":"i","2068":"l","2069":"e","2070":"I","2071":"m","2072":"a","2073":"g","2074":"e","2075":" ","2076":"v","2077":"-","2078":"i","2079":"f","2080":"=","2081":"\\","2082":"\"","2083":"i","2084":"s","2085":"L","2086":"o","2087":"g","2088":"g","2089":"e","2090":"d","2091":"I","2092":"n","2093":"\\","2094":"\"","2095":" ","2096":"d","2097":"a","2098":"t","2099":"a","2100":"-","2101":"t","2102":"e","2103":"s","2104":"t","2105":"=","2106":"\\","2107":"\"","2108":"p","2109":"r","2110":"o","2111":"f","2112":"i","2113":"l","2114":"e","2115":"-","2116":"i","2117":"m","2118":"a","2119":"g","2120":"e","2121":"\\","2122":"\"","2123":" ","2124":"/","2125":">","2126":"\\","2127":"r","2128":"\\","2129":"n","2130":" ","2131":" ","2132":" ","2133":" ","2134":" ","2135":" ","2136":" ","2137":" ","2138":" ","2139":" ","2140":" ","2141":" ","2142":" ","2143":" ","2144":" ","2145":" ","2146":" ","2147":" ","2148":" ","2149":" ","2150":"<","2151":"A","2152":"c","2153":"t","2154":"i","2155":"o","2156":"n","2157":"B","2158":"u","2159":"t","2160":"t","2161":"o","2162":"n","2163":"\\","2164":"r","2165":"\\","2166":"n","2167":" ","2168":" ","2169":" ","2170":" ","2171":" ","2172":" ","2173":" ","2174":" ","2175":" ","2176":" ","2177":" ","2178":" ","2179":" ","2180":" ","2181":" ","2182":" ","2183":" ","2184":" ","2185":" ","2186":" ","2187":" ","2188":" ","2189":" ","2190":" ","2191":"v","2192":"-","2193":"e","2194":"l","2195":"s","2196":"e","2197":"\\","2198":"r","2199":"\\","2200":"n","2201":" ","2202":" ","2203":" ","2204":" ","2205":" ","2206":" ","2207":" ","2208":" ","2209":" ","2210":" ","2211":" ","2212":" ","2213":" ","2214":" ","2215":" ","2216":" ","2217":" ","2218":" ","2219":" ","2220":" ","2221":" ","2222":" ","2223":" ","2224":" ","2225":"t","2226":"e","2227":"x","2228":"t","2229":"=","2230":"\\","2231":"\"","2232":"S","2233":"i","2234":"g","2235":"n","2236":" ","2237":"i","2238":"n","2239":"\\","2240":"\"","2241":"\\","2242":"r","2243":"\\","2244":"n","2245":" ","2246":" ","2247":" ","2248":" ","2249":" ","2250":" ","2251":" ","2252":" ","2253":" ","2254":" ","2255":" ","2256":" ","2257":" ","2258":" ","2259":" ","2260":" ","2261":" ","2262":" ","2263":" ","2264":" ","2265":" ","2266":" ","2267":" ","2268":" ","2269":"t","2270":"y","2271":"p","2272":"e","2273":"=","2274":"\\","2275":"\"","2276":"p","2277":"r","2278":"i","2279":"m","2280":"a","2281":"r","2282":"y","2283":"\\","2284":"\"","2285":"\\","2286":"r","2287":"\\","2288":"n","2289":" ","2290":" ","2291":" ","2292":" ","2293":" ","2294":" ","2295":" ","2296":" ","2297":" ","2298":" ","2299":" ","2300":" ","2301":" ","2302":" ","2303":" ","2304":" ","2305":" ","2306":" ","2307":" ","2308":" ","2309":" ","2310":" ","2311":" ","2312":" ","2313":"d","2314":"a","2315":"t","2316":"a","2317":"-","2318":"t","2319":"e","2320":"s","2321":"t","2322":"=","2323":"\\","2324":"\"","2325":"l","2326":"o","2327":"g","2328":"i","2329":"n","2330":"-","2331":"b","2332":"u","2333":"t","2334":"t","2335":"o","2336":"n","2337":"\\","2338":"\"","2339":"\\","2340":"r","2341":"\\","2342":"n","2343":" ","2344":" ","2345":" ","2346":" ","2347":" ","2348":" ","2349":" ","2350":" ","2351":" ","2352":" ","2353":" ","2354":" ","2355":" ","2356":" ","2357":" ","2358":" ","2359":" ","2360":" ","2361":" ","2362":" ","2363":" ","2364":" ","2365":" ","2366":" ","2367":"@","2368":"c","2369":"l","2370":"i","2371":"c","2372":"k","2373":"=","2374":"\\","2375":"\"","2376":"l","2377":"o","2378":"g","2379":"i","2380":"n","2381":"U","2382":"s","2383":"e","2384":"r","2385":"\\","2386":"\"","2387":"\\","2388":"r","2389":"\\","2390":"n","2391":" ","2392":" ","2393":" ","2394":" ","2395":" ","2396":" ","2397":" ","2398":" ","2399":" ","2400":" ","2401":" ","2402":" ","2403":" ","2404":" ","2405":" ","2406":" ","2407":" ","2408":" ","2409":" ","2410":" ","2411":"/","2412":">","2413":"\\","2414":"r","2415":"\\","2416":"n","2417":" ","2418":" ","2419":" ","2420":" ","2421":" ","2422":" ","2423":" ","2424":" ","2425":" ","2426":" ","2427":" ","2428":" ","2429":" ","2430":" ","2431":" ","2432":" ","2433":"<","2434":"/","2435":"d","2436":"i","2437":"v","2438":">","2439":"\\","2440":"r","2441":"\\","2442":"n","2443":" ","2444":" ","2445":" ","2446":" ","2447":" ","2448":" ","2449":" ","2450":" ","2451":" ","2452":" ","2453":" ","2454":" ","2455":"<","2456":"/","2457":"d","2458":"i","2459":"v","2460":">","2461":"\\","2462":"r","2463":"\\","2464":"n","2465":" ","2466":" ","2467":" ","2468":" ","2469":" ","2470":" ","2471":" ","2472":" ","2473":"<","2474":"/","2475":"d","2476":"i","2477":"v","2478":">","2479":"\\","2480":"r","2481":"\\","2482":"n","2483":" ","2484":" ","2485":" ","2486":" ","2487":" ","2488":" ","2489":" ","2490":" ","2491":"<","2492":"S","2493":"u","2494":"b","2495":"n","2496":"a","2497":"v","2498":"M","2499":"e","2500":"n","2501":"u","2502":" ","2503":"v","2504":"-","2505":"i","2506":"f","2507":"=","2508":"\\","2509":"\"","2510":"i","2511":"s","2512":"L","2513":"o","2514":"g","2515":"g","2516":"e","2517":"d","2518":"I","2519":"n","2520":"\\","2521":"\"","2522":" ","2523":"d","2524":"a","2525":"t","2526":"a","2527":"-","2528":"t","2529":"e","2530":"s","2531":"t","2532":"=","2533":"\\","2534":"\"","2535":"s","2536":"u","2537":"b","2538":"n","2539":"a","2540":"v","2541":"\\","2542":"\"","2543":" ","2544":"/","2545":">","2546":"\\","2547":"r","2548":"\\","2549":"n","2550":" ","2551":" ","2552":" ","2553":" ","2554":"<","2555":"/","2556":"h","2557":"e","2558":"a","2559":"d","2560":"e","2561":"r","2562":">","2563":"\\","2564":"r","2565":"\\","2566":"n","2567":"<","2568":"/","2569":"t","2570":"e","2571":"m","2572":"p","2573":"l","2574":"a","2575":"t","2576":"e","2577":">","2578":"\\","2579":"r","2580":"\\","2581":"n","2582":"\\","2583":"r","2584":"\\","2585":"n","2586":"<","2587":"s","2588":"c","2589":"r","2590":"i","2591":"p","2592":"t","2593":">","2594":"\\","2595":"r","2596":"\\","2597":"n","2598":"i","2599":"m","2600":"p","2601":"o","2602":"r","2603":"t","2604":" ","2605":"A","2606":"c","2607":"t","2608":"i","2609":"o","2610":"n","2611":"B","2612":"u","2613":"t","2614":"t","2615":"o","2616":"n","2617":" ","2618":"f","2619":"r","2620":"o","2621":"m","2622":" ","2623":"\\","2624":"\"","2625":"@","2626":"/","2627":"c","2628":"o","2629":"m","2630":"p","2631":"o","2632":"n","2633":"e","2634":"n","2635":"t","2636":"s","2637":"/","2638":"S","2639":"h","2640":"a","2641":"r","2642":"e","2643":"d","2644":"/","2645":"A","2646":"c","2647":"t","2648":"i","2649":"o","2650":"n","2651":"B","2652":"u","2653":"t","2654":"t","2655":"o","2656":"n","2657":".","2658":"v","2659":"u","2660":"e","2661":"\\","2662":"\"","2663":";","2664":"\\","2665":"r","2666":"\\","2667":"n","2668":"i","2669":"m","2670":"p","2671":"o","2672":"r","2673":"t","2674":" ","2675":"P","2676":"r","2677":"o","2678":"f","2679":"i","2680":"l","2681":"e","2682":"I","2683":"m","2684":"a","2685":"g","2686":"e","2687":" ","2688":"f","2689":"r","2690":"o","2691":"m","2692":" ","2693":"\\","2694":"\"","2695":"@","2696":"/","2697":"c","2698":"o","2699":"m","2700":"p","2701":"o","2702":"n","2703":"e","2704":"n","2705":"t","2706":"s","2707":"/","2708":"N","2709":"a","2710":"v","2711":"i","2712":"g","2713":"a","2714":"t","2715":"i","2716":"o","2717":"n","2718":"/","2719":"P","2720":"r","2721":"o","2722":"f","2723":"i","2724":"l","2725":"e","2726":"I","2727":"m","2728":"a","2729":"g","2730":"e","2731":".","2732":"v","2733":"u","2734":"e","2735":"\\","2736":"\"","2737":";","2738":"\\","2739":"r","2740":"\\","2741":"n","2742":"i","2743":"m","2744":"p","2745":"o","2746":"r","2747":"t","2748":" ","2749":"S","2750":"u","2751":"b","2752":"n","2753":"a","2754":"v","2755":"M","2756":"e","2757":"n","2758":"u","2759":" ","2760":"f","2761":"r","2762":"o","2763":"m","2764":" ","2765":"\\","2766":"\"","2767":"@","2768":"/","2769":"c","2770":"o","2771":"m","2772":"p","2773":"o","2774":"n","2775":"e","2776":"n","2777":"t","2778":"s","2779":"/","2780":"N","2781":"a","2782":"v","2783":"i","2784":"g","2785":"a","2786":"t","2787":"i","2788":"o","2789":"n","2790":"/","2791":"S","2792":"u","2793":"b","2794":"n","2795":"a","2796":"v","2797":"M","2798":"e","2799":"n","2800":"u","2801":".","2802":"v","2803":"u","2804":"e","2805":"\\","2806":"\"","2807":";","2808":"\\","2809":"r","2810":"\\","2811":"n","2812":"\\","2813":"r","2814":"\\","2815":"n","2816":"e","2817":"x","2818":"p","2819":"o","2820":"r","2821":"t","2822":" ","2823":"d","2824":"e","2825":"f","2826":"a","2827":"u","2828":"l","2829":"t","2830":" ","2831":"{","2832":"\\","2833":"r","2834":"\\","2835":"n","2836":" ","2837":" ","2838":" ","2839":" ","2840":"n","2841":"a","2842":"m","2843":"e","2844":":","2845":" ","2846":"\\","2847":"\"","2848":"M","2849":"a","2850":"i","2851":"n","2852":"N","2853":"a","2854":"v","2855":"\\","2856":"\"","2857":",","2858":"\\","2859":"r","2860":"\\","2861":"n","2862":" ","2863":" ","2864":" ","2865":" ","2866":"c","2867":"o","2868":"m","2869":"p","2870":"o","2871":"n","2872":"e","2873":"n","2874":"t","2875":"s","2876":":","2877":" ","2878":"{","2879":"\\","2880":"r","2881":"\\","2882":"n","2883":" ","2884":" ","2885":" ","2886":" ","2887":" ","2888":" ","2889":" ","2890":" ","2891":"A","2892":"c","2893":"t","2894":"i","2895":"o","2896":"n","2897":"B","2898":"u","2899":"t","2900":"t","2901":"o","2902":"n","2903":",","2904":"\\","2905":"r","2906":"\\","2907":"n","2908":" ","2909":" ","2910":" ","2911":" ","2912":" ","2913":" ","2914":" ","2915":" ","2916":"P","2917":"r","2918":"o","2919":"f","2920":"i","2921":"l","2922":"e","2923":"I","2924":"m","2925":"a","2926":"g","2927":"e","2928":",","2929":"\\","2930":"r","2931":"\\","2932":"n","2933":" ","2934":" ","2935":" ","2936":" ","2937":" ","2938":" ","2939":" ","2940":" ","2941":"S","2942":"u","2943":"b","2944":"n","2945":"a","2946":"v","2947":"M","2948":"e","2949":"n","2950":"u","2951":",","2952":"\\","2953":"r","2954":"\\","2955":"n","2956":" ","2957":" ","2958":" ","2959":" ","2960":"}","2961":",","2962":"\\","2963":"r","2964":"\\","2965":"n","2966":" ","2967":" ","2968":" ","2969":" ","2970":"d","2971":"a","2972":"t","2973":"a","2974":"(","2975":")","2976":" ","2977":"{","2978":"\\","2979":"r","2980":"\\","2981":"n","2982":" ","2983":" ","2984":" ","2985":" ","2986":" ","2987":" ","2988":" ","2989":" ","2990":"r","2991":"e","2992":"t","2993":"u","2994":"r","2995":"n","2996":" ","2997":"{","2998":"\\","2999":"r","3000":"\\","3001":"n","3002":" ","3003":" ","3004":" ","3005":" ","3006":" ","3007":" ","3008":" ","3009":" ","3010":" ","3011":" ","3012":" ","3013":" ","3014":"c","3015":"o","3016":"m","3017":"p","3018":"a","3019":"n","3020":"y","3021":":","3022":" ","3023":"\\","3024":"\"","3025":"B","3026":"o","3027":"b","3028":"o","3029":" ","3030":"C","3031":"a","3032":"r","3033":"e","3034":"e","3035":"r","3036":"s","3037":"\\","3038":"\"","3039":",","3040":"\\","3041":"r","3042":"\\","3043":"n","3044":" ","3045":" ","3046":" ","3047":" ","3048":" ","3049":" ","3050":" ","3051":" ","3052":" ","3053":" ","3054":" ","3055":" ","3056":"u","3057":"r","3058":"l","3059":":","3060":" ","3061":"\\","3062":"\"","3063":"h","3064":"t","3065":"t","3066":"p","3067":"s","3068":":","3069":"/","3070":"/","3071":"c","3072":"a","3073":"r","3074":"e","3075":"e","3076":"r","3077":"s","3078":".","3079":"g","3080":"o","3081":"o","3082":"g","3083":"l","3084":"e","3085":".","3086":"c","3087":"o","3088":"m","3089":"/","3090":"\\","3091":"\"","3092":",","3093":"\\","3094":"r","3095":"\\","3096":"n","3097":" ","3098":" ","3099":" ","3100":" ","3101":" ","3102":" ","3103":" ","3104":" ","3105":" ","3106":" ","3107":" ","3108":" ","3109":"m","3110":"e","3111":"n","3112":"u","3113":"I","3114":"t","3115":"e","3116":"m","3117":"s","3118":":","3119":" ","3120":"[","3121":"\\","3122":"r","3123":"\\","3124":"n","3125":" ","3126":" ","3127":" ","3128":" ","3129":" ","3130":" ","3131":" ","3132":" ","3133":" ","3134":" ","3135":" ","3136":" ","3137":" ","3138":" ","3139":" ","3140":" ","3141":"\\","3142":"\"","3143":"T","3144":"e","3145":"a","3146":"m","3147":"s","3148":"\\","3149":"\"","3150":",","3151":"\\","3152":"r","3153":"\\","3154":"n","3155":" ","3156":" ","3157":" ","3158":" ","3159":" ","3160":" ","3161":" ","3162":" ","3163":" ","3164":" ","3165":" ","3166":" ","3167":" ","3168":" ","3169":" ","3170":" ","3171":"\\","3172":"\"","3173":"L","3174":"o","3175":"c","3176":"a","3177":"t","3178":"i","3179":"o","3180":"n","3181":"s","3182":"\\","3183":"\"","3184":",","3185":"\\","3186":"r","3187":"\\","3188":"n","3189":" ","3190":" ","3191":" ","3192":" ","3193":" ","3194":" ","3195":" ","3196":" ","3197":" ","3198":" ","3199":" ","3200":" ","3201":" ","3202":" ","3203":" ","3204":" ","3205":"\\","3206":"\"","3207":"L","3208":"i","3209":"f","3210":"e","3211":" ","3212":"a","3213":"t","3214":" ","3215":"B","3216":"o","3217":"b","3218":"o","3219":"C","3220":"r","3221":"o","3222":"p","3223":"\\","3224":"\"","3225":",","3226":"\\","3227":"r","3228":"\\","3229":"n","3230":" ","3231":" ","3232":" ","3233":" ","3234":" ","3235":" ","3236":" ","3237":" ","3238":" ","3239":" ","3240":" ","3241":" ","3242":" ","3243":" ","3244":" ","3245":" ","3246":"\\","3247":"\"","3248":"H","3249":"o","3250":"w","3251":" ","3252":"w","3253":"e","3254":" ","3255":"h","3256":"i","3257":"r","3258":"e","3259":"\\","3260":"\"","3261":",","3262":"\\","3263":"r","3264":"\\","3265":"n","3266":" ","3267":" ","3268":" ","3269":" ","3270":" ","3271":" ","3272":" ","3273":" ","3274":" ","3275":" ","3276":" ","3277":" ","3278":" ","3279":" ","3280":" ","3281":" ","3282":"\\","3283":"\"","3284":"S","3285":"t","3286":"u","3287":"d","3288":"e","3289":"n","3290":"t","3291":"s","3292":"\\","3293":"\"","3294":",","3295":"\\","3296":"r","3297":"\\","3298":"n","3299":" ","3300":" ","3301":" ","3302":" ","3303":" ","3304":" ","3305":" ","3306":" ","3307":" ","3308":" ","3309":" ","3310":" ","3311":" ","3312":" ","3313":" ","3314":" ","3315":"\\","3316":"\"","3317":"J","3318":"o","3319":"b","3320":"s","3321":"\\","3322":"\"","3323":",","3324":"\\","3325":"r","3326":"\\","3327":"n","3328":" ","3329":" ","3330":" ","3331":" ","3332":" ","3333":" ","3334":" ","3335":" ","3336":" ","3337":" ","3338":" ","3339":" ","3340":"]","3341":",","3342":"\\","3343":"r","3344":"\\","3345":"n","3346":" ","3347":" ","3348":" ","3349":" ","3350":" ","3351":" ","3352":" ","3353":" ","3354":" ","3355":" ","3356":" ","3357":" ","3358":"i","3359":"s","3360":"L","3361":"o","3362":"g","3363":"g","3364":"e","3365":"d","3366":"I","3367":"n","3368":":","3369":" ","3370":"f","3371":"a","3372":"l","3373":"s","3374":"e","3375":",","3376":"\\","3377":"r","3378":"\\","3379":"n","3380":" ","3381":" ","3382":" ","3383":" ","3384":" ","3385":" ","3386":" ","3387":" ","3388":"}","3389":";","3390":"\\","3391":"r","3392":"\\","3393":"n","3394":" ","3395":" ","3396":" ","3397":" ","3398":"}","3399":",","3400":"\\","3401":"r","3402":"\\","3403":"n","3404":" ","3405":" ","3406":" ","3407":" ","3408":"c","3409":"o","3410":"m","3411":"p","3412":"u","3413":"t","3414":"e","3415":"d","3416":":","3417":" ","3418":"{","3419":"\\","3420":"r","3421":"\\","3422":"n","3423":" ","3424":" ","3425":" ","3426":" ","3427":" ","3428":" ","3429":" ","3430":" ","3431":"h","3432":"e","3433":"a","3434":"d","3435":"e","3436":"r","3437":"H","3438":"e","3439":"i","3440":"g","3441":"h","3442":"t","3443":"C","3444":"l","3445":"a","3446":"s","3447":"s","3448":"(","3449":")","3450":" ","3451":"{","3452":"\\","3453":"r","3454":"\\","3455":"n","3456":" ","3457":" ","3458":" ","3459":" ","3460":" ","3461":" ","3462":" ","3463":" ","3464":" ","3465":" ","3466":" ","3467":" ","3468":"r","3469":"e","3470":"t","3471":"u","3472":"r","3473":"n","3474":" ","3475":"{","3476":"\\","3477":"r","3478":"\\","3479":"n","3480":" ","3481":" ","3482":" ","3483":" ","3484":" ","3485":" ","3486":" ","3487":" ","3488":" ","3489":" ","3490":" ","3491":" ","3492":" ","3493":" ","3494":" ","3495":" ","3496":"\\","3497":"\"","3498":"h","3499":"-","3500":"1","3501":"6","3502":"\\","3503":"\"","3504":":","3505":" ","3506":"!","3507":"t","3508":"h","3509":"i","3510":"s","3511":".","3512":"i","3513":"s","3514":"L","3515":"o","3516":"g","3517":"g","3518":"e","3519":"d","3520":"I","3521":"n","3522":",","3523":"\\","3524":"r","3525":"\\","3526":"n","3527":" ","3528":" ","3529":" ","3530":" ","3531":" ","3532":" ","3533":" ","3534":" ","3535":" ","3536":" ","3537":" ","3538":" ","3539":" ","3540":" ","3541":" ","3542":" ","3543":"\\","3544":"\"","3545":"h","3546":"-","3547":"3","3548":"2","3549":"\\","3550":"\"","3551":":","3552":" ","3553":"t","3554":"h","3555":"i","3556":"s","3557":".","3558":"i","3559":"s","3560":"L","3561":"o","3562":"g","3563":"g","3564":"e","3565":"d","3566":"I","3567":"n","3568":",","3569":"\\","3570":"r","3571":"\\","3572":"n","3573":" ","3574":" ","3575":" ","3576":" ","3577":" ","3578":" ","3579":" ","3580":" ","3581":" ","3582":" ","3583":" ","3584":" ","3585":"}","3586":";","3587":"\\","3588":"r","3589":"\\","3590":"n","3591":" ","3592":" ","3593":" ","3594":" ","3595":" ","3596":" ","3597":" ","3598":" ","3599":"}","3600":",","3601":"\\","3602":"r","3603":"\\","3604":"n","3605":" ","3606":" ","3607":" ","3608":" ","3609":"}","3610":",","3611":"\\","3612":"r","3613":"\\","3614":"n","3615":" ","3616":" ","3617":" ","3618":" ","3619":"m","3620":"e","3621":"t","3622":"h","3623":"o","3624":"d","3625":"s","3626":":","3627":" ","3628":"{","3629":"\\","3630":"r","3631":"\\","3632":"n","3633":" ","3634":" ","3635":" ","3636":" ","3637":" ","3638":" ","3639":" ","3640":" ","3641":"l","3642":"o","3643":"g","3644":"i","3645":"n","3646":"U","3647":"s","3648":"e","3649":"r","3650":"(","3651":")","3652":" ","3653":"{","3654":"\\","3655":"r","3656":"\\","3657":"n","3658":" ","3659":" ","3660":" ","3661":" ","3662":" ","3663":" ","3664":" ","3665":" ","3666":" ","3667":" ","3668":" ","3669":" ","3670":"t","3671":"h","3672":"i","3673":"s","3674":".","3675":"i","3676":"s","3677":"L","3678":"o","3679":"g","3680":"g","3681":"e","3682":"d","3683":"I","3684":"n","3685":" ","3686":"=","3687":" ","3688":"t","3689":"r","3690":"u","3691":"e","3692":";","3693":"\\","3694":"r","3695":"\\","3696":"n","3697":" ","3698":" ","3699":" ","3700":" ","3701":" ","3702":" ","3703":" ","3704":" ","3705":"}","3706":",","3707":"\\","3708":"r","3709":"\\","3710":"n","3711":" ","3712":" ","3713":" ","3714":" ","3715":"}","3716":",","3717":"\\","3718":"r","3719":"\\","3720":"n","3721":"}","3722":";","3723":"\\","3724":"r","3725":"\\","3726":"n","3727":"<","3728":"/","3729":"s","3730":"c","3731":"r","3732":"i","3733":"p","3734":"t","3735":">","3736":"\\","3737":"r","3738":"\\","3739":"n","3740":"\"","3741":"]","3742":"}"},"_coverageSchema":"1a1c01bbd47fc00a2c39e90264f33305004495a9","hash":"5ecbfe911e4fb11c205ea56756c746738e1dd1d6"}
,"D:\\Code_D\\VUEJS\\job-search\\src\\components\\Navigation\\ProfileImage.vue": {"path":"D:\\Code_D\\VUEJS\\job-search\\src\\components\\Navigation\\ProfileImage.vue","statementMap":{"0":{"start":{"line":4,"column":0},"end":{"line":6,"column":3}},"1":{"start":{"line":7,"column":0},"end":{"line":7,"column":25}},"2":{"start":{"line":8,"column":15},"end":{"line":15,"column":1}},"3":{"start":{"line":11,"column":4},"end":{"line":13,"column":6}},"4":{"start":{"line":18,"column":0},"end":{"line":18,"column":13}},"5":{"start":{"line":20,"column":0},"end":{"line":22,"column":3}},"6":{"start":{"line":23,"column":0},"end":{"line":23,"column":24}},"7":{"start":{"line":24,"column":11},"end":{"line":24,"column":25}},"8":{"start":{"line":25,"column":19},"end":{"line":25,"column":26}},"9":{"start":{"line":27,"column":2},"end":{"line":31,"column":38}},"10":{"start":{"line":32,"column":2},"end":{"line":32,"column":49}}},"fnMap":{"0":{"name":"(anonymous_0)","decl":{"start":{"line":10,"column":2},"end":{"line":10,"column":3}},"loc":{"start":{"line":10,"column":9},"end":{"line":14,"column":3}},"line":10},"1":{"name":"render","decl":{"start":{"line":26,"column":9},"end":{"line":26,"column":15}},"loc":{"start":{"line":26,"column":30},"end":{"line":32,"column":1}},"line":26}},"branchMap":{},"s":{"0":2,"1":2,"2":2,"3":1,"4":2,"5":2,"6":2,"7":2,"8":2,"9":1,"10":2},"f":{"0":1,"1":1},"b":{},"inputSourceMap":{"0":"{","1":"\"","2":"v","3":"e","4":"r","5":"s","6":"i","7":"o","8":"n","9":"\"","10":":","11":"3","12":",","13":"\"","14":"s","15":"o","16":"u","17":"r","18":"c","19":"e","20":"s","21":"\"","22":":","23":"[","24":"\"","25":"D","26":":","27":"\\","28":"\\","29":"C","30":"o","31":"d","32":"e","33":"_","34":"D","35":"\\","36":"\\","37":"V","38":"U","39":"E","40":"J","41":"S","42":"\\","43":"\\","44":"j","45":"o","46":"b","47":"-","48":"s","49":"e","50":"a","51":"r","52":"c","53":"h","54":"\\","55":"\\","56":"s","57":"r","58":"c","59":"\\","60":"\\","61":"c","62":"o","63":"m","64":"p","65":"o","66":"n","67":"e","68":"n","69":"t","70":"s","71":"\\","72":"\\","73":"N","74":"a","75":"v","76":"i","77":"g","78":"a","79":"t","80":"i","81":"o","82":"n","83":"\\","84":"\\","85":"P","86":"r","87":"o","88":"f","89":"i","90":"l","91":"e","92":"I","93":"m","94":"a","95":"g","96":"e","97":".","98":"v","99":"u","100":"e","101":"\"","102":"]","103":",","104":"\"","105":"n","106":"a","107":"m","108":"e","109":"s","110":"\"","111":":","112":"[","113":"]","114":",","115":"\"","116":"m","117":"a","118":"p","119":"p","120":"i","121":"n","122":"g","123":"s","124":"\"","125":":","126":"\"","127":";","128":";","129":";","130":";","131":";","132":";","133":";","134":"e","135":"A","136":"S","137":"e","138":";","139":"E","140":"A","141":"C","142":"b","143":",","144":"I","145":"A","146":"A","147":"I","148":",","149":"E","150":"A","151":"A","152":"E","153":",","154":"c","155":"A","156":"A","157":"c","158":";","159":"E","160":"A","161":"C","162":"p","163":"B","164":",","165":"I","166":"A","167":"A","168":"I","169":",","170":"G","171":"A","172":"A","173":"G","174":";","175":"I","176":"A","177":"C","178":"L","179":",","180":"O","181":"A","182":"A","183":"O","184":";","185":"M","186":"A","187":"C","188":"L","189":",","190":"S","191":"A","192":"A","193":"S","194":",","195":"E","196":"A","197":"C","198":"P","199":";","200":"I","201":"A","202":"C","203":"J","204":",","205":"C","206":"A","207":"A","208":"C","209":";","210":"E","211":"A","212":"C","213":"H","214":";","215":"A","216":"A","217":"C","218":"F","219":",","220":"C","221":"A","222":"A","223":"C","224":";","225":"A","226":"A","227":"A","228":"A","229":";","230":"A","231":"A","232":"A","233":"A","234":"\"","235":",","236":"\"","237":"f","238":"i","239":"l","240":"e","241":"\"","242":":","243":"\"","244":"D","245":":","246":"\\","247":"\\","248":"C","249":"o","250":"d","251":"e","252":"_","253":"D","254":"\\","255":"\\","256":"V","257":"U","258":"E","259":"J","260":"S","261":"\\","262":"\\","263":"j","264":"o","265":"b","266":"-","267":"s","268":"e","269":"a","270":"r","271":"c","272":"h","273":"\\","274":"\\","275":"s","276":"r","277":"c","278":"\\","279":"\\","280":"c","281":"o","282":"m","283":"p","284":"o","285":"n","286":"e","287":"n","288":"t","289":"s","290":"\\","291":"\\","292":"N","293":"a","294":"v","295":"i","296":"g","297":"a","298":"t","299":"i","300":"o","301":"n","302":"\\","303":"\\","304":"P","305":"r","306":"o","307":"f","308":"i","309":"l","310":"e","311":"I","312":"m","313":"a","314":"g","315":"e","316":".","317":"v","318":"u","319":"e","320":"\"","321":",","322":"\"","323":"s","324":"o","325":"u","326":"r","327":"c","328":"e","329":"s","330":"C","331":"o","332":"n","333":"t","334":"e","335":"n","336":"t","337":"\"","338":":","339":"[","340":"\"","341":"<","342":"t","343":"e","344":"m","345":"p","346":"l","347":"a","348":"t","349":"e","350":">","351":"\\","352":"r","353":"\\","354":"n","355":" ","356":" ","357":"<","358":"i","359":"m","360":"g","361":"\\","362":"r","363":"\\","364":"n","365":" ","366":" ","367":" ","368":" ","369":":","370":"s","371":"r","372":"c","373":"=","374":"\\","375":"\"","376":"i","377":"m","378":"a","379":"g","380":"e","381":"L","382":"i","383":"n","384":"k","385":"\\","386":"\"","387":"\\","388":"r","389":"\\","390":"n","391":" ","392":" ","393":" ","394":" ","395":"a","396":"l","397":"t","398":"=","399":"\\","400":"\"","401":"a","402":"v","403":"a","404":"t","405":"a","406":"\\","407":"\"","408":"\\","409":"r","410":"\\","411":"n","412":" ","413":" ","414":" ","415":" ","416":"c","417":"l","418":"a","419":"s","420":"s","421":"=","422":"\\","423":"\"","424":"w","425":"-","426":"8","427":" ","428":"h","429":"-","430":"8","431":" ","432":"o","433":"b","434":"j","435":"e","436":"c","437":"t","438":"-","439":"c","440":"o","441":"n","442":"t","443":"a","444":"i","445":"n","446":" ","447":"r","448":"o","449":"u","450":"n","451":"d","452":"e","453":"d","454":"-","455":"3","456":"x","457":"l","458":"\\","459":"\"","460":"\\","461":"r","462":"\\","463":"n","464":" ","465":" ","466":"/","467":">","468":"\\","469":"r","470":"\\","471":"n","472":"<","473":"/","474":"t","475":"e","476":"m","477":"p","478":"l","479":"a","480":"t","481":"e","482":">","483":"\\","484":"r","485":"\\","486":"n","487":"\\","488":"r","489":"\\","490":"n","491":"<","492":"s","493":"c","494":"r","495":"i","496":"p","497":"t","498":">","499":"\\","500":"r","501":"\\","502":"n","503":"e","504":"x","505":"p","506":"o","507":"r","508":"t","509":" ","510":"d","511":"e","512":"f","513":"a","514":"u","515":"l","516":"t","517":" ","518":"{","519":"\\","520":"r","521":"\\","522":"n","523":" ","524":" ","525":"n","526":"a","527":"m","528":"e","529":":","530":" ","531":"\\","532":"\"","533":"P","534":"r","535":"o","536":"f","537":"i","538":"l","539":"e","540":"I","541":"m","542":"a","543":"g","544":"e","545":"\\","546":"\"","547":",","548":"\\","549":"r","550":"\\","551":"n","552":" ","553":" ","554":"d","555":"a","556":"t","557":"a","558":"(","559":")","560":" ","561":"{","562":"\\","563":"r","564":"\\","565":"n","566":" ","567":" ","568":" ","569":" ","570":"r","571":"e","572":"t","573":"u","574":"r","575":"n","576":" ","577":"{","578":"\\","579":"r","580":"\\","581":"n","582":" ","583":" ","584":" ","585":" ","586":" ","587":" ","588":"i","589":"m","590":"a","591":"g","592":"e","593":"L","594":"i","595":"n","596":"k","597":":","598":"\\","599":"r","600":"\\","601":"n","602":" ","603":" ","604":" ","605":" ","606":" ","607":" ","608":" ","609":" ","610":"\\","611":"\"","612":"h","613":"t","614":"t","615":"p","616":"s","617":":","618":"/","619":"/","620":"w","621":"w","622":"w","623":".","624":"p","625":"n","626":"g","627":"i","628":"t","629":"e","630":"m","631":".","632":"c","633":"o","634":"m","635":"/","636":"p","637":"i","638":"m","639":"g","640":"s","641":"/","642":"m","643":"/","644":"4","645":"8","646":"7","647":"-","648":"4","649":"8","650":"7","651":"6","652":"4","653":"1","654":"7","655":"_","656":"l","657":"i","658":"n","659":"k","660":"-","661":"h","662":"e","663":"a","664":"d","665":"-","666":"p","667":"n","668":"g","669":"-","670":"t","671":"o","672":"o","673":"n","674":"-","675":"l","676":"i","677":"n","678":"k","679":"-","680":"f","681":"a","682":"c","683":"e","684":"-","685":"p","686":"n","687":"g","688":"-","689":"t","690":"r","691":"a","692":"n","693":"s","694":"p","695":"a","696":"r","697":"e","698":"n","699":"t","700":".","701":"p","702":"n","703":"g","704":"\\","705":"\"","706":",","707":"\\","708":"r","709":"\\","710":"n","711":" ","712":" ","713":" ","714":" ","715":"}","716":";","717":"\\","718":"r","719":"\\","720":"n","721":" ","722":" ","723":"}","724":",","725":"\\","726":"r","727":"\\","728":"n","729":"}","730":";","731":"\\","732":"r","733":"\\","734":"n","735":"<","736":"/","737":"s","738":"c","739":"r","740":"i","741":"p","742":"t","743":">","744":"\\","745":"r","746":"\\","747":"n","748":"\\","749":"r","750":"\\","751":"n","752":"<","753":"s","754":"t","755":"y","756":"l","757":"e","758":">","759":"<","760":"/","761":"s","762":"t","763":"y","764":"l","765":"e","766":">","767":"\\","768":"r","769":"\\","770":"n","771":"\"","772":"]","773":"}"},"_coverageSchema":"1a1c01bbd47fc00a2c39e90264f33305
[...]
","1526":"r","1527":"\\","1528":"n","1529":"}","1530":"\\","1531":"r","1532":"\\","1533":"n","1534":".","1535":"p","1536":"r","1537":"i","1538":"m","1539":"a","1540":"r","1541":"y","1542":" ","1543":"{","1544":"\\","1545":"r","1546":"\\","1547":"n","1548":" ","1549":" ","1550":" ","1551":" ","1552":"@","1553":"a","1554":"p","1555":"p","1556":"l","1557":"y","1558":" ","1559":"b","1560":"g","1561":"-","1562":"b","1563":"r","1564":"a","1565":"n","1566":"d","1567":"-","1568":"b","1569":"l","1570":"u","1571":"e","1572":"-","1573":"1","1574":" ","1575":"t","1576":"e","1577":"x","1578":"t","1579":"-","1580":"w","1581":"h","1582":"i","1583":"t","1584":"e","1585":" ","1586":"h","1587":"o","1588":"v","1589":"e","1590":"r","1591":":","1592":"s","1593":"h","1594":"a","1595":"d","1596":"o","1597":"w","1598":"-","1599":"b","1600":"l","1601":"u","1602":"e","1603":" ","1604":"r","1605":"o","1606":"u","1607":"n","1608":"d","1609":"e","1610":"d","1611":";","1612":"\\","1613":"r","1614":"\\","1615":"n","1616":"}","1617":"\\","1618":"r","1619":"\\","1620":"n","1621":"\\","1622":"r","1623":"\\","1624":"n","1625":".","1626":"s","1627":"e","1628":"c","1629":"o","1630":"n","1631":"d","1632":"a","1633":"r","1634":"y","1635":" ","1636":"{","1637":"\\","1638":"r","1639":"\\","1640":"n","1641":" ","1642":" ","1643":" ","1644":" ","1645":"@","1646":"a","1647":"p","1648":"p","1649":"l","1650":"y","1651":" ","1652":"b","1653":"g","1654":"-","1655":"t","1656":"r","1657":"a","1658":"n","1659":"s","1660":"p","1661":"a","1662":"r","1663":"e","1664":"n","1665":"t","1666":" ","1667":"t","1668":"e","1669":"x","1670":"t","1671":"-","1672":"b","1673":"r","1674":"a","1675":"n","1676":"d","1677":"-","1678":"b","1679":"l","1680":"u","1681":"e","1682":"-","1683":"1","1684":" ","1685":"h","1686":"o","1687":"v","1688":"e","1689":"r","1690":":","1691":"b","1692":"g","1693":"-","1694":"b","1695":"r","1696":"a","1697":"n","1698":"d","1699":"-","1700":"b","1701":"l","1702":"u","1703":"e","1704":"-","1705":"2","1706":" ","1707":"h","1708":"o","1709":"v","1710":"e","1711":"r","1712":":","1713":"t","1714":"e","1715":"x","1716":"t","1717":"-","1718":"w","1719":"h","1720":"i","1721":"t","1722":"e","1723":";","1724":"\\","1725":"r","1726":"\\","1727":"n","1728":"}","1729":"\\","1730":"r","1731":"\\","1732":"n","1733":"<","1734":"/","1735":"s","1736":"t","1737":"y","1738":"l","1739":"e","1740":">","1741":"\\","1742":"r","1743":"\\","1744":"n","1745":"\"","1746":"]","1747":"}"},"_coverageSchema":"1a1c01bbd47fc00a2c39e90264f33305004495a9","hash":"80b0efb11a682f6171b1f708322761ea997787b7"}
,"D:\\Code_D\\VUEJS\\job-search\\src\\components\\Shared\\TextInput.vue": {"path":"D:\\Code_D\\VUEJS\\job-search\\src\\components\\Shared\\TextInput.vue","statementMap":{"0":{"start":{"line":4,"column":0},"end":{"line":6,"column":3}},"1":{"start":{"line":7,"column":0},"end":{"line":7,"column":25}},"2":{"start":{"line":8,"column":15},"end":{"line":27,"column":1}},"3":{"start":{"line":24,"column":6},"end":{"line":24,"column":59}},"4":{"start":{"line":30,"column":0},"end":{"line":30,"column":13}},"5":{"start":{"line":32,"column":0},"end":{"line":34,"column":3}},"6":{"start":{"line":35,"column":0},"end":{"line":35,"column":24}},"7":{"start":{"line":36,"column":11},"end":{"line":36,"column":25}},"8":{"start":{"line":37,"column":19},"end":{"line":37,"column":43}},"9":{"start":{"line":39,"column":2},"end":{"line":47,"column":55}},"10":{"start":{"line":45,"column":6},"end":{"line":45,"column":64}},"11":{"start":{"line":48,"column":2},"end":{"line":48,"column":49}}},"fnMap":{"0":{"name":"(anonymous_0)","decl":{"start":{"line":23,"column":4},"end":{"line":23,"column":5}},"loc":{"start":{"line":23,"column":24},"end":{"line":25,"column":5}},"line":23},"1":{"name":"render","decl":{"start":{"line":38,"column":9},"end":{"line":38,"column":15}},"loc":{"start":{"line":38,"column":30},"end":{"line":48,"column":1}},"line":38},"2":{"name":"(anonymous_2)","decl":{"start":{"line":44,"column":39},"end":{"line":44,"column":40}},"loc":{"start":{"line":44,"column":51},"end":{"line":46,"column":5}},"line":44}},"branchMap":{"0":{"loc":{"start":{"line":44,"column":13},"end":{"line":46,"column":6}},"type":"binary-expr","locations":[{"start":{"line":44,"column":13},"end":{"line":44,"column":22}},{"start":{"line":44,"column":27},"end":{"line":46,"column":5}}],"line":44},"1":{"loc":{"start":{"line":45,"column":13},"end":{"line":45,"column":63}},"type":"binary-expr","locations":[{"start":{"line":45,"column":13},"end":{"line":45,"column":29}},{"start":{"line":45,"column":33},"end":{"line":45,"column":63}}],"line":45}},"s":{"0":1,"1":1,"2":1,"3":2,"4":1,"5":1,"6":1,"7":1,"8":1,"9":1,"10":2,"11":1},"f":{"0":2,"1":1,"2":2},"b":{"0":[1,1],"1":[2,2]},"inputSourceMap":{"0":"{","1":"\"","2":"v","3":"e","4":"r","5":"s","6":"i","7":"o","8":"n","9":"\"","10":":","11":"3","12":",","13":"\"","14":"s","15":"o","16":"u","17":"r","18":"c","19":"e","20":"s","21":"\"","22":":","23":"[","24":"\"","25":"D","26":":","27":"\\","28":"\\","29":"C","30":"o","31":"d","32":"e","33":"_","34":"D","35":"\\","36":"\\","37":"V","38":"U","39":"E","40":"J","41":"S","42":"\\","43":"\\","44":"j","45":"o","46":"b","47":"-","48":"s","49":"e","50":"a","51":"r","52":"c","53":"h","54":"\\","55":"\\","56":"s","57":"r","58":"c","59":"\\","60":"\\","61":"c","62":"o","63":"m","64":"p","65":"o","66":"n","67":"e","68":"n","69":"t","70":"s","71":"\\","72":"\\","73":"S","74":"h","75":"a","76":"r","77":"e","78":"d","79":"\\","80":"\\","81":"T","82":"e","83":"x","84":"t","85":"I","86":"n","87":"p","88":"u","89":"t","90":".","91":"v","92":"u","93":"e","94":"\"","95":"]","96":",","97":"\"","98":"n","99":"a","100":"m","101":"e","102":"s","103":"\"","104":":","105":"[","106":"]","107":",","108":"\"","109":"m","110":"a","111":"p","112":"p","113":"i","114":"n","115":"g","116":"s","117":"\"","118":":","119":"\"","120":";","121":";","122":";","123":";","124":";","125":";","126":";","127":"e","128":"A","129":"W","130":"e","131":";","132":"E","133":"A","134":"C","135":"X","136":",","137":"I","138":"A","139":"A","140":"I","141":",","142":"E","143":"A","144":"A","145":"E","146":",","147":"W","148":"A","149":"A","150":"W","151":";","152":"E","153":"A","154":"C","155":"j","156":"B","157":",","158":"K","159":"A","160":"A","161":"K","162":",","163":"E","164":"A","165":"A","166":"E","167":";","168":"I","169":"A","170":"C","171":"H","172":",","173":"W","174":"A","175":"A","176":"W","177":",","178":"E","179":"A","180":"A","181":"E","182":";","183":"M","184":"A","185":"C","186":"T","187":",","188":"I","189":"A","190":"A","191":"I","192":",","193":"E","194":"A","195":"A","196":"E","197":",","198":"M","199":"A","200":"A","201":"M","202":";","203":"M","204":"A","205":"C","206":"Z","207":",","208":"Q","209":"A","210":"A","211":"Q","212":",","213":"E","214":"A","215":"A","216":"E","217":",","218":"K","219":"A","220":"A","221":"K","222":";","223":"M","224":"A","225":"C","226":"f","227":",","228":"O","229":"A","230":"A","231":"O","232":",","233":"E","234":"A","235":"A","236":"E","237":";","238":"I","239":"A","240":"C","241":"b","242":",","243":"C","244":"A","245":"A","246":"C","247":";","248":"I","249":"A","250":"C","251":"D","252":",","253":"U","254":"A","255":"A","256":"U","257":",","258":"E","259":"A","260":"A","261":"E","262":";","263":"M","264":"A","265":"C","266":"R","267":",","268":"I","269":"A","270":"A","271":"I","272":",","273":"E","274":"A","275":"A","276":"E","277":",","278":"M","279":"A","280":"A","281":"M","282":";","283":"M","284":"A","285":"C","286":"Z","287":",","288":"Q","289":"A","290":"A","291":"Q","292":",","293":"E","294":"A","295":"A","296":"E","297":";","298":"I","299":"A","300":"C","301":"d","302":";","303":"E","304":"A","305":"C","306":"J","307":",","308":"C","309":"A","310":"A","311":"C","312":";","313":"E","314":"A","315":"C","316":"D","317":",","318":"K","319":"A","320":"A","321":"K","322":",","323":"E","324":"A","325":"A","326":"E","327":",","328":"C","329":"A","330":"A","331":"C","332":",","333":"m","334":"B","335":"A","336":"A","337":"m","338":"B","339":",","340":"C","341":"A","342":"A","343":"C","344":";","345":"E","346":"A","347":"C","348":"5","349":"B","350":",","351":"O","352":"A","353":"A","354":"O","355":",","356":"E","357":"A","358":"A","359":"E","360":";","361":"I","362":"A","363":"C","364":"L","365":",","366":"W","367":"A","368":"A","369":"W","370":",","371":"C","372":"A","373":"A","374":"C","375":",","376":"M","377":"A","378":"A","379":"M","380":",","381":"E","382":"A","383":"A","384":"E","385":";","386":"M","387":"A","388":"C","389":"h","390":"B","391":",","392":"I","393":"A","394":"A","395":"I","396":",","397":"C","398":"A","399":"A","400":"C","401":",","402":"K","403":"A","404":"A","405":"K","406":",","407":"C","408":"A","409":"A","410":"C","411":",","412":"m","413":"B","414":"A","415":"A","416":"m","417":"B","418":",","419":"E","420":"A","421":"A","422":"E","423":",","424":"M","425":"A","426":"A","427":"M","428":",","429":"C","430":"A","431":"A","432":"C","433":",","434":"M","435":"A","436":"A","437":"M","438":",","439":"C","440":"A","441":"A","442":"C","443":",","444":"K","445":"A","446":"A","447":"K","448":",","449":"C","450":"A","451":"A","452":"C","453":";","454":"I","455":"A","456":"C","457":"x","458":"D","459":";","460":"E","461":"A","462":"C","463":"J","464":";","465":"A","466":"A","467":"C","468":"J","469":",","470":"C","471":"A","472":"A","473":"C","474":";","475":"A","476":"A","477":"A","478":"A","479":";","480":"A","481":"A","482":"A","483":"A","484":"\"","485":",","486":"\"","487":"f","488":"i","489":"l","490":"e","491":"\"","492":":","493":"\"","494":"D","495":":","496":"\\","497":"\\","498":"C","499":"o","500":"d","501":"e","502":"_","503":"D","504":"\\","505":"\\","506":"V","507":"U","508":"E","509":"J","510":"S","511":"\\","512":"\\","513":"j","514":"o","515":"b","516":"-","517":"s","518":"e","519":"a","520":"r","521":"c","522":"h","523":"\\","524":"\\","525":"s","526":"r","527":"c","528":"\\","529":"\\","530":"c","531":"o","532":"m","533":"p","534":"o","535":"n","536":"e","537":"n","538":"t","539":"s","540":"\\","541":"\\","542":"S","543":"h","544":"a","545":"r","546":"e","547":"d","548":"\\","549":"\\","550":"T","551":"e","552":"x","553":"t","554":"I","555":"n","556":"p","557":"u","558":"t","559":".","560":"v","561":"u","562":"e","563":"\"","564":",","565":"\"","566":"s","567":"o","568":"u","569":"r","570":"c","571":"e","572":"s","573":"C","574":"o","575":"n","576":"t","577":"e","578":"n","579":"t","580":"\"","581":":","582":"[","583":"\"","584":"<","585":"t","586":"e","587":"m","588":"p","589":"l","590":"a","591":"t","592":"e","593":">","594":"\\","595":"r","596":"\\","597":"n","598":" ","599":" ","600":" ","601":" ","602":"<","603":"i","604":"n","605":"p","606":"u","607":"t","608":"\\","609":"r","610":"\\","611":"n","612":" ","613":" ","614":" ","615":" ","616":" ","617":" ","618":" ","619":" ","620":":","621":"v","622":"a","623":"l","624":"u","625":"e","626":"=","627":"\\","628":"\"","629":"m","630":"o","631":"d","632":"e","633":"l","634":"V","635":"a","636":"l","637":"u","638":"e","639":"\\","640":"\"","641":"\\","642":"r","643":"\\","644":"n","645":" ","646":" ","647":" ","648":" ","649":" ","650":" ","651":" ","652":" ","653":"t","654":"y","655":"p","656":"e","657":"=","658":"\\","659":"\"","660":"t","661":"e","662":"x","663":"t","664":"\\","665":"\"","666":"\\","667":"r","668":"\\","669":"n","670":" ","671":" ","672":" ","673":" ","674":" ","675":" ","676":" ","677":" ","678":":","679":"p","680":"l","681":"a","682":"c","683":"e","684":"h","685":"o","686":"l","687":"d","688":"e","689":"r","690":"=","691":"\\","692":"\"","693":"p","694":"l","695":"a","696":"c","697":"e","698":"h","699":"o","700":"l","701":"d","702":"e","703":"r","704":"\\","705":"\"","706":"\\","707":"r","708":"\\","709":"n","710":" ","711":" ","712":" ","713":" ","714":" ","715":" ","716":" ","717":" ","718":"c","719":"l","720":"a","721":"s","722":"s","723":"=","724":"\\","725":"\"","726":"w","727":"-","728":"f","729":"u","730":"l","731":"l","732":" ","733":"t","734":"e","735":"x","736":"t","737":"-","738":"l","739":"g","740":" ","741":"f","742":"o","743":"n","744":"t","745":"-","746":"n","747":"o","748":"r","749":"m","750":"a","751":"l","752":" ","753":"f","754":"o","755":"c","756":"u","757":"s","758":":","759":"o","760":"u","761":"t","762":"l","763":"i","764":"n","765":"e","766":"-","767":"n","768":"o","769":"n","770":"e","771":"\\","772":"\"","773":"\\","774":"r","775":"\\","776":"n","777":" ","778":" ","779":" ","780":" ","781":" ","782":" ","783":" ","784":" ","785":"@","786":"i","787":"n","788":"p","789":"u","790":"t","791":"=","792":"\\","793":"\"","794":"h","795":"a","796":"n","797":"d","798":"l","799":"e","800":"I","801":"n","802":"p","803":"u","804":"t","805":"\\","806":"\"","807":"\\","808":"r","809":"\\","810":"n","811":" ","812":" ","813":" ","814":" ","815":"/","816":">","817":"\\","818":"r","819":"\\","820":"n","821":"<","822":"/","823":"t","824":"e","825":"m","826":"p","827":"l","828":"a","829":"t","830":"e","831":">","832":"\\","833":"r","834":"\\","835":"n","836":"\\","837":"r","838":"\\","839":"n","840":"<","841":"s","842":"c","843":"r","844":"i","845":"p","846":"t","847":">","848":"\\","849":"r","850":"\\","851":"n","852":"e","853":"x","854":"p","855":"o","856":"r","857":"t","858":" ","859":"d","860":"e","861":"f","862":"a","863":"u","864":"l","865":"t","866":" ","867":"{","868":"\\","869":"r","870":"\\","871":"n","872":" ","873":" ","874":" ","875":" ","876":"n","877":"a","878":"m","879":"e","880":":","881":" ","882":"\\","883":"\"","884":"T","885":"e","886":"x","887":"t","888":"I","889":"n","890":"p","891":"u","892":"t","893":"\\","894":"\"","895":",","896":"\\","897":"r","898":"\\","899":"n","900":" ","901":" ","902":" ","903":" ","904":"p","905":"r","906":"o","907":"p","908":"s","909":":","910":" ","911":"{","912":"\\","913":"r","914":"\\","915":"n","916":" ","917":" ","918":" ","919":" ","920":" ","921":" ","922":" ","923":" ","924":"p","925":"l","926":"a","927":"c","928":"e","929":"h","930":"o","931":"l","932":"d","933":"e","934":"r","935":":","936":" ","937":"{","938":"\\","939":"r","940":"\\","941":"n","942":" ","943":" ","944":" ","945":" ","946":" ","947":" ","948":" ","949":" ","950":" ","951":" ","952":" ","953":" ","954":"t","955":"y","956":"p","957":"e","958":":","959":" ","960":"S","961":"t","962":"r","963":"i","964":"n","965":"g","966":",","967":"\\","968":"r","969":"\\","970":"n","971":" ","972":" ","973":" ","974":" ","975":" ","976":" ","977":" ","978":" ","979":" ","980":" ","981":" ","982":" ","983":"r","984":"e","985":"q","986":"u","987":"i","988":"r","989":"e","990":"d","991":":","992":" ","993":"f","994":"a","995":"l","996":"s","997":"e","998":",","999":"\\","1000":"r","1001":"\\","1002":"n","1003":" ","1004":" ","1005":" ","1006":" ","1007":" ","1008":" ","1009":" ","1010":" ","1011":" ","1012":" ","1013":" ","1014":" ","1015":"d","1016":"e","1017":"f","1018":"a","1019":"u","1020":"l","1021":"t","1022":":","1023":" ","1024":"\\","1025":"\"","1026":"\\","1027":"\"","1028":",","1029":"\\","1030":"r","1031":"\\","1032":"n","1033":" ","1034":" ","1035":" ","1036":" ","1037":" ","1038":" ","1039":" ","1040":" ","1041":"}","1042":",","1043":"\\","1044":"r","1045":"\\","1046":"n","1047":" ","1048":" ","1049":" ","1050":" ","1051":" ","1052":" ","1053":" ","1054":" ","1055":"m","1056":"o","1057":"d","1058":"e","1059":"l","1060":"V","1061":"a","1062":"l","1063":"u","1064":"e","1065":":","1066":" ","1067":"{","1068":"\\","1069":"r","1070":"\\","1071":"n","1072":" ","1073":" ","1074":" ","1075":" ","1076":" ","1077":" ","1078":" ","1079":" ","1080":" ","1081":" ","1082":" ","1083":" ","1084":"t","1085":"y","1086":"p","1087":"e","1088":":","1089":" ","1090":"S","1091":"t","1092":"r","1093":"i","1094":"n","1095":"g","1096":",","1097":"\\","1098":"r","1099":"\\","1100":"n","1101":" ","1102":" ","1103":" ","1104":" ","1105":" ","1106":" ","1107":" ","1108":" ","1109":" ","1110":" ","1111":" ","1112":" ","1113":"r","1114":"e","1115":"q","1116":"u","1117":"i","1118":"r","1119":"e","1120":"d","1121":":","1122":" ","1123":"t","1124":"r","1125":"u","1126":"e","1127":",","1128":"\\","1129":"r","1130":"\\","1131":"n","1132":" ","1133":" ","1134":" ","1135":" ","1136":" ","1137":" ","1138":" ","1139":" ","1140":"}","1141":",","1142":"\\","1143":"r","1144":"\\","1145":"n","1146":" ","1147":" ","1148":" ","1149":" ","1150":"}","1151":",","1152":"\\","1153":"r","1154":"\\","1155":"n","1156":" ","1157":" ","1158":" ","1159":" ","1160":"e","1161":"m","1162":"i","1163":"t","1164":"s","1165":":","1166":" ","1167":"[","1168":"\\","1169":"\"","1170":"u","1171":"p","1172":"d","1173":"a","1174":"t","1175":"e","1176":":","1177":"m","1178":"o","1179":"d","1180":"e","1181":"l","1182":"V","1183":"a","1184":"l","1185":"u","1186":"e","1187":"\\","1188":"\"","1189":"]","1190":",","1191":"\\","1192":"r","1193":"\\","1194":"n","1195":" ","1196":" ","1197":" ","1198":" ","1199":"m","1200":"e","1201":"t","1202":"h","1203":"o","1204":"d","1205":"s","1206":":","1207":" ","1208":"{","1209":"\\","1210":"r","1211":"\\","1212":"n","1213":" ","1214":" ","1215":" ","1216":" ","1217":" ","1218":" ","1219":" ","1220":" ","1221":"h","1222":"a","1223":"n","1224":"d","1225":"l","1226":"e","1227":"I","1228":"n","1229":"p","1230":"u","1231":"t","1232":"(","1233":"$","1234":"e","1235":"v","1236":"e","1237":"n","1238":"t","1239":")","1240":" ","1241":"{","1242":"\\","1243":"r","1244":"\\","1245":"n","1246":" ","1247":" ","1248":" ","1249":" ","1250":" ","1251":" ","1252":" ","1253":" ","1254":" ","1255":" ","1256":" ","1257":" ","1258":"t","1259":"h","1260":"i","1261":"s","1262":".","1263":"$","1264":"e","1265":"m","1266":"i","1267":"t","1268":"(","1269":"\\","1270":"\"","1271":"u","1272":"p","1273":"d","1274":"a","1275":"t","1276":"e","1277":":","1278":"m","1279":"o","1280":"d","1281":"e","1282":"l","1283":"V","1284":"a","1285":"l","1286":"u","1287":"e","1288":"\\","1289":"\"","1290":",","1291":" ","1292":"$","1293":"e","1294":"v","1295":"e","1296":"n","1297":"t","1298":".","1299":"t","1300":"a","1301":"r","1302":"g","1303":"e","1304":"t","1305":".","1306":"v","1307":"a","1308":"l","1309":"u","1310":"e","1311":")","1312":";","1313":"\\","1314":"r","1315":"\\","1316":"n","1317":" ","1318":" ","1319":" ","1320":" ","1321":" ","1322":" ","1323":" ","1324":" ","1325":"}","1326":",","1327":"\\","1328":"r","1329":"\\","1330":"n","1331":" ","1332":" ","1333":" ","1334":" ","1335":"}","1336":",","1337":"\\","1338":"r","1339":"\\","1340":"n","1341":"}","1342":";","1343":"\\","1344":"r","1345":"\\","1346":"n","1347":"<","1348":"/","1349":"s","1350":"c","1351":"r","1352":"i","1353":"p","1354":"t","1355":">","1356":"\\","1357":"r","1358":"\\","1359":"n","1360":"\\","1361":"r","1362":"\\","1363":"n","1364":"<","1365":"s","1366":"t","1367":"y","1368":"l","1369":"e","1370":">","1371":"<","1372":"/","1373":"s","1374":"t","1375":"y","1376":"l","1377":"e","1378":">","1379":"\\","1380":"r","1381":"\\","1382":"n","1383":"\"","1384":"]","1385":"}"},"_coverageSchema":"1a1c01bbd47fc00a2c39e90264f33305004495a9","hash":"644bf26d3c2c660b26d0bcab012ffcecb3eec772"}
,"D:\\Code_D\\VUEJS\\job-search\\src\\utils\\nextElementInList.js": {"path":"D:\\Code_D\\VUEJS\\job-search\\src\\utils\\nextElementInList.js","statementMap":{"0":{"start":{"line":1,"column":26},"end":{"line":6,"column":1}},"1":{"start":{"line":2,"column":18},"end":{"line":2,"column":22}},"2":{"start":{"line":3,"column":29},"end":{"line":3,"column":51}},"3":{"start":{"line":4,"column":26},"end":{"line":4,"column":64}},"4":{"start":{"line":5,"column":4},"end":{"line":5,"column":36}}},"fnMap":{"0":{"name":"(anonymous_0)","decl":{"start":{"line":1,"column":26},"end":{"line":1,"column":27}},"loc":{"start":{"line":1,"column":43},"end":{"line":6,"column":1}},"line":1}},"branchMap":{},"s":{"0":2,"1":5,"2":5,"3":5,"4":5},"f":{"0":5},"b":{},"_coverageSchema":"1a1c01bbd47fc00a2c39e90264f33305004495a9","hash":"5a1b3dc4e8a99665dd76068050a535bbbea9aaaf"}
}
