TN:
SF:src\components\JobSearch\Headline.vue
FN:71,render
FNF:1
FNH:1
FNDA:7,render
DA:4,1
DA:5,1
DA:8,1
DA:52,1
DA:54,1
DA:57,1
DA:58,1
DA:59,1
DA:62,1
DA:66,1
DA:67,1
DA:72,7
DA:75,1
LF:13
LH:13
BRF:0
BRH:0
end_of_record
TN:
SF:src\components\Navigation\MainNav.vue
FN:89,render
FN:98,(anonymous_1)
FNF:2
FNH:2
FNDA:8,render
FNDA:48,(anonymous_1)
DA:4,1
DA:5,1
DA:8,1
DA:62,1
DA:64,1
DA:67,1
DA:68,1
DA:69,1
DA:72,1
DA:75,1
DA:76,1
DA:79,1
DA:82,1
DA:86,1
DA:90,8
DA:91,8
DA:92,8
DA:93,8
DA:99,48
DA:117,1
LF:20
LH:20
BRDA:104,0,0,2
BRDA:104,0,1,6
BRDA:113,1,0,2
BRDA:113,1,1,6
BRF:4
BRH:4
end_of_record
TN:
SF:src\components\Navigation\ProfileImage.vue
FN:10,(anonymous_0)
FN:26,render
FNF:2
FNH:2
FNDA:1,(anonymous_0)
FNDA:1,render
DA:4,2
DA:7,2
DA:8,2
DA:11,1
DA:18,2
DA:20,2
DA:23,2
DA:24,2
DA:25,2
DA:27,1
DA:32,2
LF:11
LH:11
BRF:0
BRH:0
end_of_record
TN:
SF:src\components\Navigation\SubnavMenu.vue
FN:10,(anonymous_0)
FN:39,render
FNF:2
FNH:2
FNDA:2,(anonymous_0)
FNDA:2,render
DA:4,2
DA:7,2
DA:8,2
DA:11,2
DA:18,2
DA:20,2
DA:23,2
DA:24,2
DA:25,2
DA:28,2
DA:31,2
DA:35,2
DA:40,2
DA:41,2
DA:45,2
LF:15
LH:15
BRDA:41,0,0,1
BRDA:41,0,1,1
BRF:2
BRH:2
end_of_record
TN:
SF:src\components\Shared\ActionButton.vue
FN:19,(anonymous_0)
FN:24,(anonymous_1)
FN:28,(anonymous_2)
FN:44,render
FNF:4
FNH:4
FNDA:7,(anonymous_0)
FNDA:2,(anonymous_1)
FNDA:2,(anonymous_2)
FNDA:2,render
DA:4,2
DA:7,2
DA:8,2
DA:20,7
DA:25,2
DA:29,2
DA:37,2
DA:39,2
DA:42,2
DA:43,2
DA:45,2
DA:48,2
LF:12
LH:12
BRF:0
BRH:0
end_of_record
TN:
SF:src\components\Shared\TextInput.vue
FN:23,(anonymous_0)
FN:38,render
FN:44,(anonymous_2)
FNF:3
FNH:3
FNDA:2,(anonymous_0)
FNDA:1,render
FNDA:2,(anonymous_2)
DA:4,1
DA:7,1
DA:8,1
DA:24,2
DA:30,1
DA:32,1
DA:35,1
DA:36,1
DA:37,1
DA:39,1
DA:45,2
DA:48,1
LF:12
LH:12
BRDA:44,0,0,1
BRDA:44,0,1,1
BRDA:45,1,0,2
BRDA:45,1,1,2
BRF:4
BRH:4
end_of_record
TN:
SF:src\utils\nextElementInList.js
FN:1,(anonymous_0)
FNF:1
FNH:1
FNDA:5,(anonymous_0)
DA:1,2
DA:2,5
DA:3,5
DA:4,5
DA:5,5
LF:5
LH:5
BRF:0
BRH:0
end_of_record
